<?xml version="1.0" encoding="UTF-8"?>
<robot generator="Robot 3.1.2 (Python 3.6.6 on win32)" generated="20200427 16:49:28.633" rpa="false">
<suite id="s1" name="Neb Test" source="D:\Documentos\Guseshka\Академия\Testing\Удаленная работа uStudio\Robot Framework\robot_tests.view_neb.org.ua\neb_test.robot">
<test id="s1-t1" name="Auctions view test">
<kw name="Prepare environment">
<kw name="Open Browser" library="Selenium2Library">
<doc>Opens a new browser instance to the optional ``url``.</doc>
<arguments>
<arg>${host}</arg>
<arg>Chrome</arg>
</arguments>
<msg timestamp="20200427 16:49:28.837" level="INFO">Opening browser 'Chrome' to base url 'http://neb.org.ua'.</msg>
<status status="PASS" starttime="20200427 16:49:28.837" endtime="20200427 16:49:32.590"></status>
</kw>
<kw name="Set Window Size" library="Selenium2Library">
<doc>Sets current windows size to given ``width`` and ``height``.</doc>
<arguments>
<arg>1024</arg>
<arg>10000</arg>
</arguments>
<status status="PASS" starttime="20200427 16:49:32.590" endtime="20200427 16:49:32.926"></status>
</kw>
<kw name="Go To" library="Selenium2Library">
<doc>Navigates the current browser window to the provided ``url``.</doc>
<arguments>
<arg>${host}</arg>
</arguments>
<msg timestamp="20200427 16:49:32.926" level="INFO">Opening url 'http://neb.org.ua'</msg>
<status status="PASS" starttime="20200427 16:49:32.926" endtime="20200427 16:49:35.588"></status>
</kw>
<kw name="Click Element" library="Selenium2Library">
<doc>Click the element identified by ``locator``.</doc>
<arguments>
<arg>xpath=//*[@id="menu-item-1136"]/descendant::a[@href="#"]</arg>
</arguments>
<msg timestamp="20200427 16:49:35.588" level="INFO">Clicking element 'xpath=//*[@id="menu-item-1136"]/descendant::a[@href="#"]'.</msg>
<status status="PASS" starttime="20200427 16:49:35.588" endtime="20200427 16:49:35.695"></status>
</kw>
<kw name="Wait and Click">
<arguments>
<arg>xpath=//*[@id="menu-item-1261"]/descendant::a[@href="https://neb.org.ua/tenders/index"]</arg>
</arguments>
<kw name="Wait Until Element Is Visible" library="Selenium2Library">
<doc>Waits until the element ``locator`` is visible.</doc>
<arguments>
<arg>${locator}</arg>
</arguments>
<status status="PASS" starttime="20200427 16:49:35.696" endtime="20200427 16:49:35.719"></status>
</kw>
<kw name="Scroll To Element">
<arguments>
<arg>${locator}</arg>
</arguments>
<kw name="Wait Until Page Contains Element" library="Selenium2Library">
<doc>Waits until the element ``locator`` appears on the current page.</doc>
<arguments>
<arg>${locator}</arg>
<arg>10</arg>
</arguments>
<status status="PASS" starttime="20200427 16:49:35.719" endtime="20200427 16:49:35.728"></status>
</kw>
<kw name="Get Vertical Position" library="Selenium2Library">
<doc>Returns the vertical position of the element identified by ``locator``.</doc>
<arguments>
<arg>${locator}</arg>
</arguments>
<assign>
<var>${elem_vert_pos}</var>
</assign>
<msg timestamp="20200427 16:49:35.743" level="INFO">${elem_vert_pos} = 104</msg>
<status status="PASS" starttime="20200427 16:49:35.728" endtime="20200427 16:49:35.743"></status>
</kw>
<kw name="Get Horizontal Position" library="Selenium2Library">
<doc>Returns the horizontal position of the element identified by ``locator``.</doc>
<arguments>
<arg>${locator}</arg>
</arguments>
<assign>
<var>${elem_gor_pos}</var>
</assign>
<msg timestamp="20200427 16:49:35.752" level="INFO">${elem_gor_pos} = 441</msg>
<status status="PASS" starttime="20200427 16:49:35.743" endtime="20200427 16:49:35.752"></status>
</kw>
<kw name="Execute Javascript" library="Selenium2Library">
<doc>Executes the given JavaScript code with possible arguments.</doc>
<arguments>
<arg>window.scrollTo(0,${elem_vert_pos - 300});</arg>
</arguments>
<msg timestamp="20200427 16:49:35.753" level="INFO">Executing JavaScript:
window.scrollTo(0,-196);
Without any arguments.</msg>
<status status="PASS" starttime="20200427 16:49:35.752" endtime="20200427 16:49:35.761"></status>
</kw>
<status status="PASS" starttime="20200427 16:49:35.719" endtime="20200427 16:49:35.761"></status>
</kw>
<kw name="Click Element" library="Selenium2Library">
<doc>Click the element identified by ``locator``.</doc>
<arguments>
<arg>${locator}</arg>
</arguments>
<msg timestamp="20200427 16:49:35.761" level="INFO">Clicking element 'xpath=//*[@id="menu-item-1261"]/descendant::a[@href="https://neb.org.ua/tenders/index"]'.</msg>
<status status="PASS" starttime="20200427 16:49:35.761" endtime="20200427 16:49:36.716"></status>
</kw>
<status status="PASS" starttime="20200427 16:49:35.695" endtime="20200427 16:49:36.716"></status>
</kw>
<kw name="Wait Until Keyword Succeeds" library="BuiltIn">
<doc>Runs the specified keyword and retries if it fails.</doc>
<arguments>
<arg>10 x</arg>
<arg>1 s</arg>
<arg>Element Should Be Visible</arg>
<arg>xpath=//input[@id="attribute-input"]</arg>
</arguments>
<kw name="Element Should Be Visible" library="Selenium2Library">
<doc>Verifies that the element identified by ``locator`` is visible.</doc>
<arguments>
<arg>xpath=//input[@id="attribute-input"]</arg>
</arguments>
<msg timestamp="20200427 16:49:36.744" level="INFO">Element 'xpath=//input[@id="attribute-input"]' is displayed.</msg>
<status status="PASS" starttime="20200427 16:49:36.717" endtime="20200427 16:49:36.745"></status>
</kw>
<status status="PASS" starttime="20200427 16:49:36.716" endtime="20200427 16:49:36.745"></status>
</kw>
<status status="PASS" starttime="20200427 16:49:28.837" endtime="20200427 16:49:36.745"></status>
</kw>
<kw name="Test tubs auctions">
<kw name="Go To" library="Selenium2Library">
<doc>Navigates the current browser window to the provided ``url``.</doc>
<arguments>
<arg>${host}/tenders/index</arg>
</arguments>
<msg timestamp="20200427 16:49:36.746" level="INFO">Opening url 'http://neb.org.ua/tenders/index'</msg>
<status status="PASS" starttime="20200427 16:49:36.745" endtime="20200427 16:49:37.031"></status>
</kw>
<kw name="Click Element" library="Selenium2Library">
<doc>Click the element identified by ``locator``.</doc>
<arguments>
<arg>xpath=(//a[@class="dropdown-toggle"])[2]</arg>
</arguments>
<msg timestamp="20200427 16:49:37.032" level="INFO">Clicking element 'xpath=(//a[@class="dropdown-toggle"])[2]'.</msg>
<status status="PASS" starttime="20200427 16:49:37.032" endtime="20200427 16:49:37.112"></status>
</kw>
<kw name="Get Element Count" library="Selenium2Library">
<doc>Returns the number of elements matching ``locator``.</doc>
<arguments>
<arg>xpath=//ul[@id="w3"]/descendant::*[contains(@href,"http://neb.org.ua/tenders/")]</arg>
</arguments>
<assign>
<var>${type_index}</var>
</assign>
<msg timestamp="20200427 16:49:37.159" level="INFO">${type_index} = 4</msg>
<status status="PASS" starttime="20200427 16:49:37.112" endtime="20200427 16:49:37.159"></status>
</kw>
<kw name="Convert To Integer" library="BuiltIn">
<doc>Converts the given item to an integer number.</doc>
<arguments>
<arg>${type_index}</arg>
</arguments>
<assign>
<var>${type_index}</var>
</assign>
<msg timestamp="20200427 16:49:37.159" level="INFO">${type_index} = 4</msg>
<status status="PASS" starttime="20200427 16:49:37.159" endtime="20200427 16:49:37.160"></status>
</kw>
<kw name="${t_index} IN RANGE [ ${type_index} ]" type="for">
<kw name="${t_index} = 0" type="foritem">
<kw name="Wait and Click">
<arguments>
<arg>xpath=//ul[@id="w3"]/descendant::*[contains(@href,"http://neb.org.ua/tenders/")][${t_index + 1}]</arg>
</arguments>
<kw name="Wait Until Element Is Visible" library="Selenium2Library">
<doc>Waits until the element ``locator`` is visible.</doc>
<arguments>
<arg>${locator}</arg>
</arguments>
<status status="PASS" starttime="20200427 16:49:37.161" endtime="20200427 16:49:37.183"></status>
</kw>
<kw name="Scroll To Element">
<arguments>
<arg>${locator}</arg>
</arguments>
<kw name="Wait Until Page Contains Element" library="Selenium2Library">
<doc>Waits until the element ``locator`` appears on the current page.</doc>
<arguments>
<arg>${locator}</arg>
<arg>10</arg>
</arguments>
<status status="PASS" starttime="20200427 16:49:37.184" endtime="20200427 16:49:37.191"></status>
</kw>
<kw name="Get Vertical Position" library="Selenium2Library">
<doc>Returns the vertical position of the element identified by ``locator``.</doc>
<arguments>
<arg>${locator}</arg>
</arguments>
<assign>
<var>${elem_vert_pos}</var>
</assign>
<msg timestamp="20200427 16:49:37.206" level="INFO">${elem_vert_pos} = 130</msg>
<status status="PASS" starttime="20200427 16:49:37.191" endtime="20200427 16:49:37.206"></status>
</kw>
<kw name="Get Horizontal Position" library="Selenium2Library">
<doc>Returns the horizontal position of the element identified by ``locator``.</doc>
<arguments>
<arg>${locator}</arg>
</arguments>
<assign>
<var>${elem_gor_pos}</var>
</assign>
<msg timestamp="20200427 16:49:37.220" level="INFO">${elem_gor_pos} = 347</msg>
<status status="PASS" starttime="20200427 16:49:37.206" endtime="20200427 16:49:37.220"></status>
</kw>
<kw name="Execute Javascript" library="Selenium2Library">
<doc>Executes the given JavaScript code with possible arguments.</doc>
<arguments>
<arg>window.scrollTo(0,${elem_vert_pos - 300});</arg>
</arguments>
<msg timestamp="20200427 16:49:37.221" level="INFO">Executing JavaScript:
window.scrollTo(0,-170);
Without any arguments.</msg>
<status status="PASS" starttime="20200427 16:49:37.220" endtime="20200427 16:49:37.227"></status>
</kw>
<status status="PASS" starttime="20200427 16:49:37.183" endtime="20200427 16:49:37.227"></status>
</kw>
<kw name="Click Element" library="Selenium2Library">
<doc>Click the element identified by ``locator``.</doc>
<arguments>
<arg>${locator}</arg>
</arguments>
<msg timestamp="20200427 16:49:37.228" level="INFO">Clicking element 'xpath=//ul[@id="w3"]/descendant::*[contains(@href,"http://neb.org.ua/tenders/")][1]'.</msg>
<status status="PASS" starttime="20200427 16:49:37.227" endtime="20200427 16:49:37.536"></status>
</kw>
<status status="PASS" starttime="20200427 16:49:37.160" endtime="20200427 16:49:37.537"></status>
</kw>
<kw name="Wait Until Keyword Succeeds" library="BuiltIn">
<doc>Runs the specified keyword and retries if it fails.</doc>
<arguments>
<arg>10 x</arg>
<arg>1 s</arg>
<arg>Element Should Be Visible</arg>
<arg>xpath=(//div[@class="search-result_t"])[1]</arg>
</arguments>
<kw name="Element Should Be Visible" library="Selenium2Library">
<doc>Verifies that the element identified by ``locator`` is visible.</doc>
<arguments>
<arg>xpath=(//div[@class="search-result_t"])[1]</arg>
</arguments>
<msg timestamp="20200427 16:49:37.559" level="INFO">Element 'xpath=(//div[@class="search-result_t"])[1]' is displayed.</msg>
<status status="PASS" starttime="20200427 16:49:37.537" endtime="20200427 16:49:37.559"></status>
</kw>
<status status="PASS" starttime="20200427 16:49:37.537" endtime="20200427 16:49:37.559"></status>
</kw>
<kw name="Test auction view">
<kw name="Go To" library="Selenium2Library">
<doc>Navigates the current browser window to the provided ``url``.</doc>
<arguments>
<arg>${host}/tenders/index</arg>
</arguments>
<msg timestamp="20200427 16:49:37.560" level="INFO">Opening url 'http://neb.org.ua/tenders/index'</msg>
<status status="PASS" starttime="20200427 16:49:37.560" endtime="20200427 16:49:37.820"></status>
</kw>
<kw name="Get Element Count" library="Selenium2Library">
<doc>Returns the number of elements matching ``locator``.</doc>
<arguments>
<arg>xpath=//a[@class="mk-btn mk-btn_default"]</arg>
</arguments>
<assign>
<var>${auction_index}</var>
</assign>
<msg timestamp="20200427 16:49:37.833" level="INFO">${auction_index} = 10</msg>
<status status="PASS" starttime="20200427 16:49:37.820" endtime="20200427 16:49:37.833"></status>
</kw>
<kw name="Convert To Integer" library="BuiltIn">
<doc>Converts the given item to an integer number.</doc>
<arguments>
<arg>${auction_index}</arg>
</arguments>
<assign>
<var>${auction_index}</var>
</assign>
<msg timestamp="20200427 16:49:37.834" level="INFO">${auction_index} = 10</msg>
<status status="PASS" starttime="20200427 16:49:37.834" endtime="20200427 16:49:37.834"></status>
</kw>
<kw name="${a_index} IN RANGE [ ${auction_index} ]" type="for">
<kw name="${a_index} = 0" type="foritem">
<kw name="Scroll To Element">
<arguments>
<arg>xpath=(//a[@class="mk-btn mk-btn_default"])[${a_index + 1}]</arg>
</arguments>
<kw name="Wait Until Page Contains Element" library="Selenium2Library">
<doc>Waits until the element ``locator`` appears on the current page.</doc>
<arguments>
<arg>${locator}</arg>
<arg>10</arg>
</arguments>
<status status="PASS" starttime="20200427 16:49:37.835" endtime="20200427 16:49:37.846"></status>
</kw>
<kw name="Get Vertical Position" library="Selenium2Library">
<doc>Returns the vertical position of the element identified by ``locator``.</doc>
<arguments>
<arg>${locator}</arg>
</arguments>
<assign>
<var>${elem_vert_pos}</var>
</assign>
<msg timestamp="20200427 16:49:37.866" level="INFO">${elem_vert_pos} = 460</msg>
<status status="PASS" starttime="20200427 16:49:37.846" endtime="20200427 16:49:37.866"></status>
</kw>
<kw name="Get Horizontal Position" library="Selenium2Library">
<doc>Returns the horizontal position of the element identified by ``locator``.</doc>
<arguments>
<arg>${locator}</arg>
</arguments>
<assign>
<var>${elem_gor_pos}</var>
</assign>
<msg timestamp="20200427 16:49:37.895" level="INFO">${elem_gor_pos} = 785</msg>
<status status="PASS" starttime="20200427 16:49:37.866" endtime="20200427 16:49:37.895"></status>
</kw>
<kw name="Execute Javascript" library="Selenium2Library">
<doc>Executes the given JavaScript code with possible arguments.</doc>
<arguments>
<arg>window.scrollTo(0,${elem_vert_pos - 300});</arg>
</arguments>
<msg timestamp="20200427 16:49:37.896" level="INFO">Executing JavaScript:
window.scrollTo(0,160);
Without any arguments.</msg>
<status status="PASS" starttime="20200427 16:49:37.895" endtime="20200427 16:49:37.902"></status>
</kw>
<status status="PASS" starttime="20200427 16:49:37.834" endtime="20200427 16:49:37.902"></status>
</kw>
<kw name="Wait and Click">
<arguments>
<arg>xpath=(//a[@class="mk-btn mk-btn_default"])[${a_index + 1}]</arg>
</arguments>
<kw name="Wait Until Element Is Visible" library="Selenium2Library">
<doc>Waits until the element ``locator`` is visible.</doc>
<arguments>
<arg>${locator}</arg>
</arguments>
<status status="PASS" starttime="20200427 16:49:37.903" endtime="20200427 16:49:37.921"></status>
</kw>
<kw name="Scroll To Element">
<arguments>
<arg>${locator}</arg>
</arguments>
<kw name="Wait Until Page Contains Element" library="Selenium2Library">
<doc>Waits until the element ``locator`` appears on the current page.</doc>
<arguments>
<arg>${locator}</arg>
<arg>10</arg>
</arguments>
<status status="PASS" starttime="20200427 16:49:37.922" endtime="20200427 16:49:37.929"></status>
</kw>
<kw name="Get Vertical Position" library="Selenium2Library">
<doc>Returns the vertical position of the element identified by ``locator``.</doc>
<arguments>
<arg>${locator}</arg>
</arguments>
<assign>
<var>${elem_vert_pos}</var>
</assign>
<msg timestamp="20200427 16:49:37.941" level="INFO">${elem_vert_pos} = 460</msg>
<status status="PASS" starttime="20200427 16:49:37.929" endtime="20200427 16:49:37.941"></status>
</kw>
<kw name="Get Horizontal Position" library="Selenium2Library">
<doc>Returns the horizontal position of the element identified by ``locator``.</doc>
<arguments>
<arg>${locator}</arg>
</arguments>
<assign>
<var>${elem_gor_pos}</var>
</assign>
<msg timestamp="20200427 16:49:37.956" level="INFO">${elem_gor_pos} = 785</msg>
<status status="PASS" starttime="20200427 16:49:37.942" endtime="20200427 16:49:37.956"></status>
</kw>
<kw name="Execute Javascript" library="Selenium2Library">
<doc>Executes the given JavaScript code with possible arguments.</doc>
<arguments>
<arg>window.scrollTo(0,${elem_vert_pos - 300});</arg>
</arguments>
<msg timestamp="20200427 16:49:37.957" level="INFO">Executing JavaScript:
window.scrollTo(0,160);
Without any arguments.</msg>
<status status="PASS" starttime="20200427 16:49:37.956" endtime="20200427 16:49:37.961"></status>
</kw>
<status status="PASS" starttime="20200427 16:49:37.921" endtime="20200427 16:49:37.961"></status>
</kw>
<kw name="Click Element" library="Selenium2Library">
<doc>Click the element identified by ``locator``.</doc>
<arguments>
<arg>${locator}</arg>
</arguments>
<msg timestamp="20200427 16:49:37.962" level="INFO">Clicking element 'xpath=(//a[@class="mk-btn mk-btn_default"])[1]'.</msg>
<status status="PASS" starttime="20200427 16:49:37.962" endtime="20200427 16:49:38.583"></status>
</kw>
<status status="PASS" starttime="20200427 16:49:37.902" endtime="20200427 16:49:38.583"></status>
</kw>
<kw name="Wait Until Keyword Succeeds" library="BuiltIn">
<doc>Runs the specified keyword and retries if it fails.</doc>
<arguments>
<arg>10 x</arg>
<arg>1 s</arg>
<arg>Element Should Be Visible</arg>
<arg>xpath=//a[@data-test-id="sidebar.questions"]</arg>
</arguments>
<kw name="Element Should Be Visible" library="Selenium2Library">
<doc>Verifies that the element identified by ``locator`` is visible.</doc>
<arguments>
<arg>xpath=//a[@data-test-id="sidebar.questions"]</arg>
</arguments>
<msg timestamp="20200427 16:49:38.603" level="INFO">Element 'xpath=//a[@data-test-id="sidebar.questions"]' is displayed.</msg>
<status status="PASS" starttime="20200427 16:49:38.583" endtime="20200427 16:49:38.603"></status>
</kw>
<status status="PASS" starttime="20200427 16:49:38.583" endtime="20200427 16:49:38.603"></status>
</kw>
<kw name="Wait Until Keyword Succeeds" library="BuiltIn">
<doc>Runs the specified keyword and retries if it fails.</doc>
<arguments>
<arg>10 x</arg>
<arg>1 s</arg>
<arg>Run Keywords</arg>
<arg>Wait and Click</arg>
<arg>xpath=//a[@data-test-id="sidebar.questions"]</arg>
<arg>AND</arg>
<arg>Wait Until Keyword Succeeds</arg>
<arg>5 x</arg>
<arg>1 s</arg>
<arg>Element Should Be Visible</arg>
<arg>xpath=//a[@data-test-id="sidebar.info"]</arg>
</arguments>
<kw name="Run Keywords" library="BuiltIn">
<doc>Executes all the given keywords in a sequence.</doc>
<arguments>
<arg>Wait and Click</arg>
<arg>xpath=//a[@data-test-id="sidebar.questions"]</arg>
<arg>AND</arg>
<arg>Wait Until Keyword Succeeds</arg>
<arg>5 x</arg>
<arg>1 s</arg>
<arg>Element Should Be Visible</arg>
<arg>xpath=//a[@data-test-id="sidebar.info"]</arg>
</arguments>
<kw name="Wait and Click">
<arguments>
<arg>xpath=//a[@data-test-id="sidebar.questions"]</arg>
</arguments>
<kw name="Wait Until Element Is Visible" library="Selenium2Library">
<doc>Waits until the element ``locator`` is visible.</doc>
<arguments>
<arg>${locator}</arg>
</arguments>
<status status="PASS" starttime="20200427 16:49:38.604" endtime="20200427 16:49:38.619"></status>
</kw>
<kw name="Scroll To Element">
<arguments>
<arg>${locator}</arg>
</arguments>
<kw name="Wait Until Page Contains Element" library="Selenium2Library">
<doc>Waits until the element ``locator`` appears on the current page.</doc>
<arguments>
<arg>${locator}</arg>
<arg>10</arg>
</arguments>
<status status="PASS" starttime="20200427 16:49:38.619" endtime="20200427 16:49:38.626"></status>
</kw>
<kw name="Get Vertical Position" library="Selenium2Library">
<doc>Returns the vertical position of the element identified by ``locator``.</doc>
<arguments>
<arg>${locator}</arg>
</arguments>
<assign>
<var>${elem_vert_pos}</var>
</assign>
<msg timestamp="20200427 16:49:38.638" level="INFO">${elem_vert_pos} = 191</msg>
<status status="PASS" starttime="20200427 16:49:38.626" endtime="20200427 16:49:38.638"></status>
</kw>
<kw name="Get Horizontal Position" library="Selenium2Library">
<doc>Returns the horizontal position of the element identified by ``locator``.</doc>
<arguments>
<arg>${locator}</arg>
</arguments>
<assign>
<var>${elem_gor_pos}</var>
</assign>
<msg timestamp="20200427 16:49:38.648" level="INFO">${elem_gor_pos} = 736</msg>
<status status="PASS" starttime="20200427 16:49:38.638" endtime="20200427 16:49:38.648"></status>
</kw>
<kw name="Execute Javascript" library="Selenium2Library">
<doc>Executes the given JavaScript code with possible arguments.</doc>
<arguments>
<arg>window.scrollTo(0,${elem_vert_pos - 300});</arg>
</arguments>
<msg timestamp="20200427 16:49:38.649" level="INFO">Executing JavaScript:
window.scrollTo(0,-109);
Without any arguments.</msg>
<status status="PASS" starttime="20200427 16:49:38.648" endtime="20200427 16:49:38.653"></status>
</kw>
<status status="PASS" starttime="20200427 16:49:38.619" endtime="20200427 16:49:38.653"></status>
</kw>
<kw name="Click Element" library="Selenium2Library">
<doc>Click the element identified by ``locator``.</doc>
<arguments>
<arg>${locator}</arg>
</arguments>
<msg timestamp="20200427 16:49:38.654" level="INFO">Clicking element 'xpath=//a[@data-test-id="sidebar.questions"]'.</msg>
<status status="PASS" starttime="20200427 16:49:38.653" endtime="20200427 16:49:38.944"></status>
</kw>
<status status="PASS" starttime="20200427 16:49:38.604" endtime="20200427 16:49:38.945"></status>
</kw>
<kw name="Wait Until Keyword Succeeds" library="BuiltIn">
<doc>Runs the specified keyword and retries if it fails.</doc>
<arguments>
<arg>5 x</arg>
<arg>1 s</arg>
<arg>Element Should Be Visible</arg>
<arg>xpath=//a[@data-test-id="sidebar.info"]</arg>
</arguments>
<kw name="Element Should Be Visible" library="Selenium2Library">
<doc>Verifies that the element identified by ``locator`` is visible.</doc>
<arguments>
<arg>xpath=//a[@data-test-id="sidebar.info"]</arg>
</arguments>
<msg timestamp="20200427 16:49:38.967" level="INFO">Element 'xpath=//a[@data-test-id="sidebar.info"]' is displayed.</msg>
<status status="PASS" starttime="20200427 16:49:38.945" endtime="20200427 16:49:38.967"></status>
</kw>
<status status="PASS" starttime="20200427 16:49:38.945" endtime="20200427 16:49:38.967"></status>
</kw>
<status status="PASS" starttime="20200427 16:49:38.604" endtime="20200427 16:49:38.967"></status>
</kw>
<status status="PASS" starttime="20200427 16:49:38.604" endtime="20200427 16:49:38.967"></status>
</kw>
<kw name="Go To" library="Selenium2Library">
<doc>Navigates the current browser window to the provided ``url``.</doc>
<arguments>
<arg>${host}/tenders/index</arg>
</arguments>
<msg timestamp="20200427 16:49:38.967" level="INFO">Opening url 'http://neb.org.ua/tenders/index'</msg>
<status status="PASS" starttime="20200427 16:49:38.967" endtime="20200427 16:49:39.154"></status>
</kw>
<status status="PASS" starttime="20200427 16:49:37.834" endtime="20200427 16:49:39.155"></status>
</kw>
<kw name="${a_index} = 1" type="foritem">
<kw name="Scroll To Element">
<arguments>
<arg>xpath=(//a[@class="mk-btn mk-btn_default"])[${a_index + 1}]</arg>
</arguments>
<kw name="Wait Until Page Contains Element" library="Selenium2Library">
<doc>Waits until the element ``locator`` appears on the current page.</doc>
<arguments>
<arg>${locator}</arg>
<arg>10</arg>
</arguments>
<status status="PASS" starttime="20200427 16:49:39.155" endtime="20200427 16:49:39.169"></status>
</kw>
<kw name="Get Vertical Position" library="Selenium2Library">
<doc>Returns the vertical position of the element identified by ``locator``.</doc>
<arguments>
<arg>${locator}</arg>
</arguments>
<assign>
<var>${elem_vert_pos}</var>
</assign>
<msg timestamp="20200427 16:49:39.197" level="INFO">${elem_vert_pos} = 719</msg>
<status status="PASS" starttime="20200427 16:49:39.169" endtime="20200427 16:49:39.197"></status>
</kw>
<kw name="Get Horizontal Position" library="Selenium2Library">
<doc>Returns the horizontal position of the element identified by ``locator``.</doc>
<arguments>
<arg>${locator}</arg>
</arguments>
<assign>
<var>${elem_gor_pos}</var>
</assign>
<msg timestamp="20200427 16:49:39.214" level="INFO">${elem_gor_pos} = 785</msg>
<status status="PASS" starttime="20200427 16:49:39.197" endtime="20200427 16:49:39.214"></status>
</kw>
<kw name="Execute Javascript" library="Selenium2Library">
<doc>Executes the given JavaScript code with possible arguments.</doc>
<arguments>
<arg>window.scrollTo(0,${elem_vert_pos - 300});</arg>
</arguments>
<msg timestamp="20200427 16:49:39.215" level="INFO">Executing JavaScript:
window.scrollTo(0,419);
Without any arguments.</msg>
<status status="PASS" starttime="20200427 16:49:39.214" endtime="20200427 16:49:39.219"></status>
</kw>
<status status="PASS" starttime="20200427 16:49:39.155" endtime="20200427 16:49:39.219"></status>
</kw>
<kw name="Wait and Click">
<arguments>
<arg>xpath=(//a[@class="mk-btn mk-btn_default"])[${a_index + 1}]</arg>
</arguments>
<kw name="Wait Until Element Is Visible" library="Selenium2Library">
<doc>Waits until the element ``locator`` is visible.</doc>
<arguments>
<arg>${locator}</arg>
</arguments>
<status status="PASS" starttime="20200427 16:49:39.219" endtime="20200427 16:49:39.248"></status>
</kw>
<kw name="Scroll To Element">
<arguments>
<arg>${locator}</arg>
</arguments>
<kw name="Wait Until Page Contains Element" library="Selenium2Library">
<doc>Waits until the element ``locator`` appears on the current page.</doc>
<arguments>
<arg>${locator}</arg>
<arg>10</arg>
</arguments>
<status status="PASS" starttime="20200427 16:49:39.248" endtime="20200427 16:49:39.254"></status>
</kw>
<kw name="Get Vertical Position" library="Selenium2Library">
<doc>Returns the vertical position of the element identified by ``locator``.</doc>
<arguments>
<arg>${locator}</arg>
</arguments>
<assign>
<var>${elem_vert_pos}</var>
</assign>
<msg timestamp="20200427 16:49:39.279" level="INFO">${elem_vert_pos} = 719</msg>
<status status="PASS" starttime="20200427 16:49:39.254" endtime="20200427 16:49:39.279"></status>
</kw>
<kw name="Get Horizontal Position" library="Selenium2Library">
<doc>Returns the horizontal position of the element identified by ``locator``.</doc>
<arguments>
<arg>${locator}</arg>
</arguments>
<assign>
<var>${elem_gor_pos}</var>
</assign>
<msg timestamp="20200427 16:49:39.291" level="INFO">${elem_gor_pos} = 785</msg>
<status status="PASS" starttime="20200427 16:49:39.279" endtime="20200427 16:49:39.291"></status>
</kw>
<kw name="Execute Javascript" library="Selenium2Library">
<doc>Executes the given JavaScript code with possible arguments.</doc>
<arguments>
<arg>window.scrollTo(0,${elem_vert_pos - 300});</arg>
</arguments>
<msg timestamp="20200427 16:49:39.292" level="INFO">Executing JavaScript:
window.scrollTo(0,419);
Without any arguments.</msg>
<status status="PASS" starttime="20200427 16:49:39.291" endtime="20200427 16:49:39.296"></status>
</kw>
<status status="PASS" starttime="20200427 16:49:39.248" endtime="20200427 16:49:39.296"></status>
</kw>
<kw name="Click Element" library="Selenium2Library">
<doc>Click the element identified by ``locator``.</doc>
<arguments>
<arg>${locator}</arg>
</arguments>
<msg timestamp="20200427 16:49:39.296" level="INFO">Clicking element 'xpath=(//a[@class="mk-btn mk-btn_default"])[2]'.</msg>
<status status="PASS" starttime="20200427 16:49:39.296" endtime="20200427 16:49:40.331"></status>
</kw>
<status status="PASS" starttime="20200427 16:49:39.219" endtime="20200427 16:49:40.331"></status>
</kw>
<kw name="Wait Until Keyword Succeeds" library="BuiltIn">
<doc>Runs the specified keyword and retries if it fails.</doc>
<arguments>
<arg>10 x</arg>
<arg>1 s</arg>
<arg>Element Should Be Visible</arg>
<arg>xpath=//a[@data-test-id="sidebar.questions"]</arg>
</arguments>
<kw name="Element Should Be Visible" library="Selenium2Library">
<doc>Verifies that the element identified by ``locator`` is visible.</doc>
<arguments>
<arg>xpath=//a[@data-test-id="sidebar.questions"]</arg>
</arguments>
<msg timestamp="20200427 16:49:40.349" level="INFO">Element 'xpath=//a[@data-test-id="sidebar.questions"]' is displayed.</msg>
<status status="PASS" starttime="20200427 16:49:40.332" endtime="20200427 16:49:40.349"></status>
</kw>
<status status="PASS" starttime="20200427 16:49:40.331" endtime="20200427 16:49:40.349"></status>
</kw>
<kw name="Wait Until Keyword Succeeds" library="BuiltIn">
<doc>Runs the specified keyword and retries if it fails.</doc>
<arguments>
<arg>10 x</arg>
<arg>1 s</arg>
<arg>Run Keywords</arg>
<arg>Wait and Click</arg>
<arg>xpath=//a[@data-test-id="sidebar.questions"]</arg>
<arg>AND</arg>
<arg>Wait Until Keyword Succeeds</arg>
<arg>5 x</arg>
<arg>1 s</arg>
<arg>Element Should Be Visible</arg>
<arg>xpath=//a[@data-test-id="sidebar.info"]</arg>
</arguments>
<kw name="Run Keywords" library="BuiltIn">
<doc>Executes all the given keywords in a sequence.</doc>
<arguments>
<arg>Wait and Click</arg>
<arg>xpath=//a[@data-test-id="sidebar.questions"]</arg>
<arg>AND</arg>
<arg>Wait Until Keyword Succeeds</arg>
<arg>5 x</arg>
<arg>1 s</arg>
<arg>Element Should Be Visible</arg>
<arg>xpath=//a[@data-test-id="sidebar.info"]</arg>
</arguments>
<kw name="Wait and Click">
<arguments>
<arg>xpath=//a[@data-test-id="sidebar.questions"]</arg>
</arguments>
<kw name="Wait Until Element Is Visible" library="Selenium2Library">
<doc>Waits until the element ``locator`` is visible.</doc>
<arguments>
<arg>${locator}</arg>
</arguments>
<status status="PASS" starttime="20200427 16:49:40.350" endtime="20200427 16:49:40.365"></status>
</kw>
<kw name="Scroll To Element">
<arguments>
<arg>${locator}</arg>
</arguments>
<kw name="Wait Until Page Contains Element" library="Selenium2Library">
<doc>Waits until the element ``locator`` appears on the current page.</doc>
<arguments>
<arg>${locator}</arg>
<arg>10</arg>
</arguments>
<status status="PASS" starttime="20200427 16:49:40.365" endtime="20200427 16:49:40.372"></status>
</kw>
<kw name="Get Vertical Position" library="Selenium2Library">
<doc>Returns the vertical position of the element identified by ``locator``.</doc>
<arguments>
<arg>${locator}</arg>
</arguments>
<assign>
<var>${elem_vert_pos}</var>
</assign>
<msg timestamp="20200427 16:49:40.386" level="INFO">${elem_vert_pos} = 191</msg>
<status status="PASS" starttime="20200427 16:49:40.372" endtime="20200427 16:49:40.386"></status>
</kw>
<kw name="Get Horizontal Position" library="Selenium2Library">
<doc>Returns the horizontal position of the element identified by ``locator``.</doc>
<arguments>
<arg>${locator}</arg>
</arguments>
<assign>
<var>${elem_gor_pos}</var>
</assign>
<msg timestamp="20200427 16:49:40.400" level="INFO">${elem_gor_pos} = 736</msg>
<status status="PASS" starttime="20200427 16:49:40.386" endtime="20200427 16:49:40.400"></status>
</kw>
<kw name="Execute Javascript" library="Selenium2Library">
<doc>Executes the given JavaScript code with possible arguments.</doc>
<arguments>
<arg>window.scrollTo(0,${elem_vert_pos - 300});</arg>
</arguments>
<msg timestamp="20200427 16:49:40.401" level="INFO">Executing JavaScript:
window.scrollTo(0,-109);
Without any arguments.</msg>
<status status="PASS" starttime="20200427 16:49:40.400" endtime="20200427 16:49:40.405"></status>
</kw>
<status status="PASS" starttime="20200427 16:49:40.365" endtime="20200427 16:49:40.405"></status>
</kw>
<kw name="Click Element" library="Selenium2Library">
<doc>Click the element identified by ``locator``.</doc>
<arguments>
<arg>${locator}</arg>
</arguments>
<msg timestamp="20200427 16:49:40.406" level="INFO">Clicking element 'xpath=//a[@data-test-id="sidebar.questions"]'.</msg>
<status status="PASS" starttime="20200427 16:49:40.405" endtime="20200427 16:49:40.704"></status>
</kw>
<status status="PASS" starttime="20200427 16:49:40.350" endtime="20200427 16:49:40.704"></status>
</kw>
<kw name="Wait Until Keyword Succeeds" library="BuiltIn">
<doc>Runs the specified keyword and retries if it fails.</doc>
<arguments>
<arg>5 x</arg>
<arg>1 s</arg>
<arg>Element Should Be Visible</arg>
<arg>xpath=//a[@data-test-id="sidebar.info"]</arg>
</arguments>
<kw name="Element Should Be Visible" library="Selenium2Library">
<doc>Verifies that the element identified by ``locator`` is visible.</doc>
<arguments>
<arg>xpath=//a[@data-test-id="sidebar.info"]</arg>
</arguments>
<msg timestamp="20200427 16:49:40.722" level="INFO">Element 'xpath=//a[@data-test-id="sidebar.info"]' is displayed.</msg>
<status status="PASS" starttime="20200427 16:49:40.706" endtime="20200427 16:49:40.722"></status>
</kw>
<status status="PASS" starttime="20200427 16:49:40.704" endtime="20200427 16:49:40.722"></status>
</kw>
<status status="PASS" starttime="20200427 16:49:40.349" endtime="20200427 16:49:40.722"></status>
</kw>
<status status="PASS" starttime="20200427 16:49:40.349" endtime="20200427 16:49:40.722"></status>
</kw>
<kw name="Go To" library="Selenium2Library">
<doc>Navigates the current browser window to the provided ``url``.</doc>
<arguments>
<arg>${host}/tenders/index</arg>
</arguments>
<msg timestamp="20200427 16:49:40.723" level="INFO">Opening url 'http://neb.org.ua/tenders/index'</msg>
<status status="PASS" starttime="20200427 16:49:40.723" endtime="20200427 16:49:40.930"></status>
</kw>
<status status="PASS" starttime="20200427 16:49:39.155" endtime="20200427 16:49:40.930"></status>
</kw>
<kw name="${a_index} = 2" type="foritem">
<kw name="Scroll To Element">
<arguments>
<arg>xpath=(//a[@class="mk-btn mk-btn_default"])[${a_index + 1}]</arg>
</arguments>
<kw name="Wait Until Page Contains Element" library="Selenium2Library">
<doc>Waits until the element ``locator`` appears on the current page.</doc>
<arguments>
<arg>${locator}</arg>
<arg>10</arg>
</arguments>
<status status="PASS" starttime="20200427 16:49:40.931" endtime="20200427 16:49:41.164"></status>
</kw>
<kw name="Get Vertical Position" library="Selenium2Library">
<doc>Returns the vertical position of the element identified by ``locator``.</doc>
<arguments>
<arg>${locator}</arg>
</arguments>
<assign>
<var>${elem_vert_pos}</var>
</assign>
<msg timestamp="20200427 16:49:41.179" level="INFO">${elem_vert_pos} = 932</msg>
<status status="PASS" starttime="20200427 16:49:41.164" endtime="20200427 16:49:41.179"></status>
</kw>
<kw name="Get Horizontal Position" library="Selenium2Library">
<doc>Returns the horizontal position of the element identified by ``locator``.</doc>
<arguments>
<arg>${locator}</arg>
</arguments>
<assign>
<var>${elem_gor_pos}</var>
</assign>
<msg timestamp="20200427 16:49:41.191" level="INFO">${elem_gor_pos} = 785</msg>
<status status="PASS" starttime="20200427 16:49:41.179" endtime="20200427 16:49:41.191"></status>
</kw>
<kw name="Execute Javascript" library="Selenium2Library">
<doc>Executes the given JavaScript code with possible arguments.</doc>
<arguments>
<arg>window.scrollTo(0,${elem_vert_pos - 300});</arg>
</arguments>
<msg timestamp="20200427 16:49:41.192" level="INFO">Executing JavaScript:
window.scrollTo(0,632);
Without any arguments.</msg>
<status status="PASS" starttime="20200427 16:49:41.191" endtime="20200427 16:49:41.196"></status>
</kw>
<status status="PASS" starttime="20200427 16:49:40.930" endtime="20200427 16:49:41.196"></status>
</kw>
<kw name="Wait and Click">
<arguments>
<arg>xpath=(//a[@class="mk-btn mk-btn_default"])[${a_index + 1}]</arg>
</arguments>
<kw name="Wait Until Element Is Visible" library="Selenium2Library">
<doc>Waits until the element ``locator`` is visible.</doc>
<arguments>
<arg>${locator}</arg>
</arguments>
<status status="PASS" starttime="20200427 16:49:41.197" endtime="20200427 16:49:41.214"></status>
</kw>
<kw name="Scroll To Element">
<arguments>
<arg>${locator}</arg>
</arguments>
<kw name="Wait Until Page Contains Element" library="Selenium2Library">
<doc>Waits until the element ``locator`` appears on the current page.</doc>
<arguments>
<arg>${locator}</arg>
<arg>10</arg>
</arguments>
<status status="PASS" starttime="20200427 16:49:41.214" endtime="20200427 16:49:41.220"></status>
</kw>
<kw name="Get Vertical Position" library="Selenium2Library">
<doc>Returns the vertical position of the element identified by ``locator``.</doc>
<arguments>
<arg>${locator}</arg>
</arguments>
<assign>
<var>${elem_vert_pos}</var>
</assign>
<msg timestamp="20200427 16:49:41.232" level="INFO">${elem_vert_pos} = 932</msg>
<status status="PASS" starttime="20200427 16:49:41.221" endtime="20200427 16:49:41.232"></status>
</kw>
<kw name="Get Horizontal Position" library="Selenium2Library">
<doc>Returns the horizontal position of the element identified by ``locator``.</doc>
<arguments>
<arg>${locator}</arg>
</arguments>
<assign>
<var>${elem_gor_pos}</var>
</assign>
<msg timestamp="20200427 16:49:41.244" level="INFO">${elem_gor_pos} = 785</msg>
<status status="PASS" starttime="20200427 16:49:41.233" endtime="20200427 16:49:41.244"></status>
</kw>
<kw name="Execute Javascript" library="Selenium2Library">
<doc>Executes the given JavaScript code with possible arguments.</doc>
<arguments>
<arg>window.scrollTo(0,${elem_vert_pos - 300});</arg>
</arguments>
<msg timestamp="20200427 16:49:41.245" level="INFO">Executing JavaScript:
window.scrollTo(0,632);
Without any arguments.</msg>
<status status="PASS" starttime="20200427 16:49:41.244" endtime="20200427 16:49:41.248"></status>
</kw>
<status status="PASS" starttime="20200427 16:49:41.214" endtime="20200427 16:49:41.248"></status>
</kw>
<kw name="Click Element" library="Selenium2Library">
<doc>Click the element identified by ``locator``.</doc>
<arguments>
<arg>${locator}</arg>
</arguments>
<msg timestamp="20200427 16:49:41.248" level="INFO">Clicking element 'xpath=(//a[@class="mk-btn mk-btn_default"])[3]'.</msg>
<status status="PASS" starttime="20200427 16:49:41.248" endtime="20200427 16:49:42.039"></status>
</kw>
<status status="PASS" starttime="20200427 16:49:41.196" endtime="20200427 16:49:42.039"></status>
</kw>
<kw name="Wait Until Keyword Succeeds" library="BuiltIn">
<doc>Runs the specified keyword and retries if it fails.</doc>
<arguments>
<arg>10 x</arg>
<arg>1 s</arg>
<arg>Element Should Be Visible</arg>
<arg>xpath=//a[@data-test-id="sidebar.questions"]</arg>
</arguments>
<kw name="Element Should Be Visible" library="Selenium2Library">
<doc>Verifies that the element identified by ``locator`` is visible.</doc>
<arguments>
<arg>xpath=//a[@data-test-id="sidebar.questions"]</arg>
</arguments>
<msg timestamp="20200427 16:49:42.058" level="INFO">Element 'xpath=//a[@data-test-id="sidebar.questions"]' is displayed.</msg>
<status status="PASS" starttime="20200427 16:49:42.040" endtime="20200427 16:49:42.058"></status>
</kw>
<status status="PASS" starttime="20200427 16:49:42.039" endtime="20200427 16:49:42.058"></status>
</kw>
<kw name="Wait Until Keyword Succeeds" library="BuiltIn">
<doc>Runs the specified keyword and retries if it fails.</doc>
<arguments>
<arg>10 x</arg>
<arg>1 s</arg>
<arg>Run Keywords</arg>
<arg>Wait and Click</arg>
<arg>xpath=//a[@data-test-id="sidebar.questions"]</arg>
<arg>AND</arg>
<arg>Wait Until Keyword Succeeds</arg>
<arg>5 x</arg>
<arg>1 s</arg>
<arg>Element Should Be Visible</arg>
<arg>xpath=//a[@data-test-id="sidebar.info"]</arg>
</arguments>
<kw name="Run Keywords" library="BuiltIn">
<doc>Executes all the given keywords in a sequence.</doc>
<arguments>
<arg>Wait and Click</arg>
<arg>xpath=//a[@data-test-id="sidebar.questions"]</arg>
<arg>AND</arg>
<arg>Wait Until Keyword Succeeds</arg>
<arg>5 x</arg>
<arg>1 s</arg>
<arg>Element Should Be Visible</arg>
<arg>xpath=//a[@data-test-id="sidebar.info"]</arg>
</arguments>
<kw name="Wait and Click">
<arguments>
<arg>xpath=//a[@data-test-id="sidebar.questions"]</arg>
</arguments>
<kw name="Wait Until Element Is Visible" library="Selenium2Library">
<doc>Waits until the element ``locator`` is visible.</doc>
<arguments>
<arg>${locator}</arg>
</arguments>
<status status="PASS" starttime="20200427 16:49:42.059" endtime="20200427 16:49:42.075"></status>
</kw>
<kw name="Scroll To Element">
<arguments>
<arg>${locator}</arg>
</arguments>
<kw name="Wait Until Page Contains Element" library="Selenium2Library">
<doc>Waits until the element ``locator`` appears on the current page.</doc>
<arguments>
<arg>${locator}</arg>
<arg>10</arg>
</arguments>
<status status="PASS" starttime="20200427 16:49:42.075" endtime="20200427 16:49:42.082"></status>
</kw>
<kw name="Get Vertical Position" library="Selenium2Library">
<doc>Returns the vertical position of the element identified by ``locator``.</doc>
<arguments>
<arg>${locator}</arg>
</arguments>
<assign>
<var>${elem_vert_pos}</var>
</assign>
<msg timestamp="20200427 16:49:42.095" level="INFO">${elem_vert_pos} = 191</msg>
<status status="PASS" starttime="20200427 16:49:42.082" endtime="20200427 16:49:42.095"></status>
</kw>
<kw name="Get Horizontal Position" library="Selenium2Library">
<doc>Returns the horizontal position of the element identified by ``locator``.</doc>
<arguments>
<arg>${locator}</arg>
</arguments>
<assign>
<var>${elem_gor_pos}</var>
</assign>
<msg timestamp="20200427 16:49:42.111" level="INFO">${elem_gor_pos} = 736</msg>
<status status="PASS" starttime="20200427 16:49:42.095" endtime="20200427 16:49:42.111"></status>
</kw>
<kw name="Execute Javascript" library="Selenium2Library">
<doc>Executes the given JavaScript code with possible arguments.</doc>
<arguments>
<arg>window.scrollTo(0,${elem_vert_pos - 300});</arg>
</arguments>
<msg timestamp="20200427 16:49:42.112" level="INFO">Executing JavaScript:
window.scrollTo(0,-109);
Without any arguments.</msg>
<status status="PASS" starttime="20200427 16:49:42.111" endtime="20200427 16:49:42.116"></status>
</kw>
<status status="PASS" starttime="20200427 16:49:42.075" endtime="20200427 16:49:42.116"></status>
</kw>
<kw name="Click Element" library="Selenium2Library">
<doc>Click the element identified by ``locator``.</doc>
<arguments>
<arg>${locator}</arg>
</arguments>
<msg timestamp="20200427 16:49:42.116" level="INFO">Clicking element 'xpath=//a[@data-test-id="sidebar.questions"]'.</msg>
<status status="PASS" starttime="20200427 16:49:42.116" endtime="20200427 16:49:42.425"></status>
</kw>
<status status="PASS" starttime="20200427 16:49:42.059" endtime="20200427 16:49:42.426"></status>
</kw>
<kw name="Wait Until Keyword Succeeds" library="BuiltIn">
<doc>Runs the specified keyword and retries if it fails.</doc>
<arguments>
<arg>5 x</arg>
<arg>1 s</arg>
<arg>Element Should Be Visible</arg>
<arg>xpath=//a[@data-test-id="sidebar.info"]</arg>
</arguments>
<kw name="Element Should Be Visible" library="Selenium2Library">
<doc>Verifies that the element identified by ``locator`` is visible.</doc>
<arguments>
<arg>xpath=//a[@data-test-id="sidebar.info"]</arg>
</arguments>
<msg timestamp="20200427 16:49:42.445" level="INFO">Element 'xpath=//a[@data-test-id="sidebar.info"]' is displayed.</msg>
<status status="PASS" starttime="20200427 16:49:42.426" endtime="20200427 16:49:42.446"></status>
</kw>
<status status="PASS" starttime="20200427 16:49:42.426" endtime="20200427 16:49:42.446"></status>
</kw>
<status status="PASS" starttime="20200427 16:49:42.058" endtime="20200427 16:49:42.446"></status>
</kw>
<status status="PASS" starttime="20200427 16:49:42.058" endtime="20200427 16:49:42.446"></status>
</kw>
<kw name="Go To" library="Selenium2Library">
<doc>Navigates the current browser window to the provided ``url``.</doc>
<arguments>
<arg>${host}/tenders/index</arg>
</arguments>
<msg timestamp="20200427 16:49:42.446" level="INFO">Opening url 'http://neb.org.ua/tenders/index'</msg>
<status status="PASS" starttime="20200427 16:49:42.446" endtime="20200427 16:49:42.767"></status>
</kw>
<status status="PASS" starttime="20200427 16:49:40.930" endtime="20200427 16:49:42.767"></status>
</kw>
<kw name="${a_index} = 3" type="foritem">
<kw name="Scroll To Element">
<arguments>
<arg>xpath=(//a[@class="mk-btn mk-btn_default"])[${a_index + 1}]</arg>
</arguments>
<kw name="Wait Until Page Contains Element" library="Selenium2Library">
<doc>Waits until the element ``locator`` appears on the current page.</doc>
<arguments>
<arg>${locator}</arg>
<arg>10</arg>
</arguments>
<status status="PASS" starttime="20200427 16:49:42.768" endtime="20200427 16:49:42.779"></status>
</kw>
<kw name="Get Vertical Position" library="Selenium2Library">
<doc>Returns the vertical position of the element identified by ``locator``.</doc>
<arguments>
<arg>${locator}</arg>
</arguments>
<assign>
<var>${elem_vert_pos}</var>
</assign>
<msg timestamp="20200427 16:49:42.800" level="INFO">${elem_vert_pos} = 1191</msg>
<status status="PASS" starttime="20200427 16:49:42.779" endtime="20200427 16:49:42.800"></status>
</kw>
<kw name="Get Horizontal Position" library="Selenium2Library">
<doc>Returns the horizontal position of the element identified by ``locator``.</doc>
<arguments>
<arg>${locator}</arg>
</arguments>
<assign>
<var>${elem_gor_pos}</var>
</assign>
<msg timestamp="20200427 16:49:42.812" level="INFO">${elem_gor_pos} = 785</msg>
<status status="PASS" starttime="20200427 16:49:42.800" endtime="20200427 16:49:42.812"></status>
</kw>
<kw name="Execute Javascript" library="Selenium2Library">
<doc>Executes the given JavaScript code with possible arguments.</doc>
<arguments>
<arg>window.scrollTo(0,${elem_vert_pos - 300});</arg>
</arguments>
<msg timestamp="20200427 16:49:42.813" level="INFO">Executing JavaScript:
window.scrollTo(0,891);
Without any arguments.</msg>
<status status="PASS" starttime="20200427 16:49:42.812" endtime="20200427 16:49:42.817"></status>
</kw>
<status status="PASS" starttime="20200427 16:49:42.767" endtime="20200427 16:49:42.817"></status>
</kw>
<kw name="Wait and Click">
<arguments>
<arg>xpath=(//a[@class="mk-btn mk-btn_default"])[${a_index + 1}]</arg>
</arguments>
<kw name="Wait Until Element Is Visible" library="Selenium2Library">
<doc>Waits until the element ``locator`` is visible.</doc>
<arguments>
<arg>${locator}</arg>
</arguments>
<status status="PASS" starttime="20200427 16:49:42.818" endtime="20200427 16:49:42.839"></status>
</kw>
<kw name="Scroll To Element">
<arguments>
<arg>${locator}</arg>
</arguments>
<kw name="Wait Until Page Contains Element" library="Selenium2Library">
<doc>Waits until the element ``locator`` appears on the current page.</doc>
<arguments>
<arg>${locator}</arg>
<arg>10</arg>
</arguments>
<status status="PASS" starttime="20200427 16:49:42.840" endtime="20200427 16:49:42.845"></status>
</kw>
<kw name="Get Vertical Position" library="Selenium2Library">
<doc>Returns the vertical position of the element identified by ``locator``.</doc>
<arguments>
<arg>${locator}</arg>
</arguments>
<assign>
<var>${elem_vert_pos}</var>
</assign>
<msg timestamp="20200427 16:49:42.854" level="INFO">${elem_vert_pos} = 1191</msg>
<status status="PASS" starttime="20200427 16:49:42.845" endtime="20200427 16:49:42.854"></status>
</kw>
<kw name="Get Horizontal Position" library="Selenium2Library">
<doc>Returns the horizontal position of the element identified by ``locator``.</doc>
<arguments>
<arg>${locator}</arg>
</arguments>
<assign>
<var>${elem_gor_pos}</var>
</assign>
<msg timestamp="20200427 16:49:42.866" level="INFO">${elem_gor_pos} = 785</msg>
<status status="PASS" starttime="20200427 16:49:42.855" endtime="20200427 16:49:42.866"></status>
</kw>
<kw name="Execute Javascript" library="Selenium2Library">
<doc>Executes the given JavaScript code with possible arguments.</doc>
<arguments>
<arg>window.scrollTo(0,${elem_vert_pos - 300});</arg>
</arguments>
<msg timestamp="20200427 16:49:42.867" level="INFO">Executing JavaScript:
window.scrollTo(0,891);
Without any arguments.</msg>
<status status="PASS" starttime="20200427 16:49:42.866" endtime="20200427 16:49:42.870"></status>
</kw>
<status status="PASS" starttime="20200427 16:49:42.839" endtime="20200427 16:49:42.870"></status>
</kw>
<kw name="Click Element" library="Selenium2Library">
<doc>Click the element identified by ``locator``.</doc>
<arguments>
<arg>${locator}</arg>
</arguments>
<msg timestamp="20200427 16:49:42.870" level="INFO">Clicking element 'xpath=(//a[@class="mk-btn mk-btn_default"])[4]'.</msg>
<status status="PASS" starttime="20200427 16:49:42.870" endtime="20200427 16:49:44.469"></status>
</kw>
<status status="PASS" starttime="20200427 16:49:42.817" endtime="20200427 16:49:44.469"></status>
</kw>
<kw name="Wait Until Keyword Succeeds" library="BuiltIn">
<doc>Runs the specified keyword and retries if it fails.</doc>
<arguments>
<arg>10 x</arg>
<arg>1 s</arg>
<arg>Element Should Be Visible</arg>
<arg>xpath=//a[@data-test-id="sidebar.questions"]</arg>
</arguments>
<kw name="Element Should Be Visible" library="Selenium2Library">
<doc>Verifies that the element identified by ``locator`` is visible.</doc>
<arguments>
<arg>xpath=//a[@data-test-id="sidebar.questions"]</arg>
</arguments>
<msg timestamp="20200427 16:49:44.488" level="INFO">Element 'xpath=//a[@data-test-id="sidebar.questions"]' is displayed.</msg>
<status status="PASS" starttime="20200427 16:49:44.470" endtime="20200427 16:49:44.488"></status>
</kw>
<status status="PASS" starttime="20200427 16:49:44.469" endtime="20200427 16:49:44.488"></status>
</kw>
<kw name="Wait Until Keyword Succeeds" library="BuiltIn">
<doc>Runs the specified keyword and retries if it fails.</doc>
<arguments>
<arg>10 x</arg>
<arg>1 s</arg>
<arg>Run Keywords</arg>
<arg>Wait and Click</arg>
<arg>xpath=//a[@data-test-id="sidebar.questions"]</arg>
<arg>AND</arg>
<arg>Wait Until Keyword Succeeds</arg>
<arg>5 x</arg>
<arg>1 s</arg>
<arg>Element Should Be Visible</arg>
<arg>xpath=//a[@data-test-id="sidebar.info"]</arg>
</arguments>
<kw name="Run Keywords" library="BuiltIn">
<doc>Executes all the given keywords in a sequence.</doc>
<arguments>
<arg>Wait and Click</arg>
<arg>xpath=//a[@data-test-id="sidebar.questions"]</arg>
<arg>AND</arg>
<arg>Wait Until Keyword Succeeds</arg>
<arg>5 x</arg>
<arg>1 s</arg>
<arg>Element Should Be Visible</arg>
<arg>xpath=//a[@data-test-id="sidebar.info"]</arg>
</arguments>
<kw name="Wait and Click">
<arguments>
<arg>xpath=//a[@data-test-id="sidebar.questions"]</arg>
</arguments>
<kw name="Wait Until Element Is Visible" library="Selenium2Library">
<doc>Waits until the element ``locator`` is visible.</doc>
<arguments>
<arg>${locator}</arg>
</arguments>
<status status="PASS" starttime="20200427 16:49:44.489" endtime="20200427 16:49:44.505"></status>
</kw>
<kw name="Scroll To Element">
<arguments>
<arg>${locator}</arg>
</arguments>
<kw name="Wait Until Page Contains Element" library="Selenium2Library">
<doc>Waits until the element ``locator`` appears on the current page.</doc>
<arguments>
<arg>${locator}</arg>
<arg>10</arg>
</arguments>
<status status="PASS" starttime="20200427 16:49:44.506" endtime="20200427 16:49:44.513"></status>
</kw>
<kw name="Get Vertical Position" library="Selenium2Library">
<doc>Returns the vertical position of the element identified by ``locator``.</doc>
<arguments>
<arg>${locator}</arg>
</arguments>
<assign>
<var>${elem_vert_pos}</var>
</assign>
<msg timestamp="20200427 16:49:44.530" level="INFO">${elem_vert_pos} = 191</msg>
<status status="PASS" starttime="20200427 16:49:44.514" endtime="20200427 16:49:44.530"></status>
</kw>
<kw name="Get Horizontal Position" library="Selenium2Library">
<doc>Returns the horizontal position of the element identified by ``locator``.</doc>
<arguments>
<arg>${locator}</arg>
</arguments>
<assign>
<var>${elem_gor_pos}</var>
</assign>
<msg timestamp="20200427 16:49:44.543" level="INFO">${elem_gor_pos} = 736</msg>
<status status="PASS" starttime="20200427 16:49:44.530" endtime="20200427 16:49:44.543"></status>
</kw>
<kw name="Execute Javascript" library="Selenium2Library">
<doc>Executes the given JavaScript code with possible arguments.</doc>
<arguments>
<arg>window.scrollTo(0,${elem_vert_pos - 300});</arg>
</arguments>
<msg timestamp="20200427 16:49:44.544" level="INFO">Executing JavaScript:
window.scrollTo(0,-109);
Without any arguments.</msg>
<status status="PASS" starttime="20200427 16:49:44.543" endtime="20200427 16:49:44.548"></status>
</kw>
<status status="PASS" starttime="20200427 16:49:44.506" endtime="20200427 16:49:44.548"></status>
</kw>
<kw name="Click Element" library="Selenium2Library">
<doc>Click the element identified by ``locator``.</doc>
<arguments>
<arg>${locator}</arg>
</arguments>
<msg timestamp="20200427 16:49:44.549" level="INFO">Clicking element 'xpath=//a[@data-test-id="sidebar.questions"]'.</msg>
<status status="PASS" starttime="20200427 16:49:44.548" endtime="20200427 16:49:44.855"></status>
</kw>
<status status="PASS" starttime="20200427 16:49:44.489" endtime="20200427 16:49:44.855"></status>
</kw>
<kw name="Wait Until Keyword Succeeds" library="BuiltIn">
<doc>Runs the specified keyword and retries if it fails.</doc>
<arguments>
<arg>5 x</arg>
<arg>1 s</arg>
<arg>Element Should Be Visible</arg>
<arg>xpath=//a[@data-test-id="sidebar.info"]</arg>
</arguments>
<kw name="Element Should Be Visible" library="Selenium2Library">
<doc>Verifies that the element identified by ``locator`` is visible.</doc>
<arguments>
<arg>xpath=//a[@data-test-id="sidebar.info"]</arg>
</arguments>
<msg timestamp="20200427 16:49:44.871" level="INFO">Element 'xpath=//a[@data-test-id="sidebar.info"]' is displayed.</msg>
<status status="PASS" starttime="20200427 16:49:44.856" endtime="20200427 16:49:44.871"></status>
</kw>
<status status="PASS" starttime="20200427 16:49:44.855" endtime="20200427 16:49:44.871"></status>
</kw>
<status status="PASS" starttime="20200427 16:49:44.489" endtime="20200427 16:49:44.871"></status>
</kw>
<status status="PASS" starttime="20200427 16:49:44.488" endtime="20200427 16:49:44.871"></status>
</kw>
<kw name="Go To" library="Selenium2Library">
<doc>Navigates the current browser window to the provided ``url``.</doc>
<arguments>
<arg>${host}/tenders/index</arg>
</arguments>
<msg timestamp="20200427 16:49:44.872" level="INFO">Opening url 'http://neb.org.ua/tenders/index'</msg>
<status status="PASS" starttime="20200427 16:49:44.872" endtime="20200427 16:49:45.077"></status>
</kw>
<status status="PASS" starttime="20200427 16:49:42.767" endtime="20200427 16:49:45.078"></status>
</kw>
<kw name="${a_index} = 4" type="foritem">
<kw name="Scroll To Element">
<arguments>
<arg>xpath=(//a[@class="mk-btn mk-btn_default"])[${a_index + 1}]</arg>
</arguments>
<kw name="Wait Until Page Contains Element" library="Selenium2Library">
<doc>Waits until the element ``locator`` appears on the current page.</doc>
<arguments>
<arg>${locator}</arg>
<arg>10</arg>
</arguments>
<status status="PASS" starttime="20200427 16:49:45.078" endtime="20200427 16:49:45.106"></status>
</kw>
<kw name="Get Vertical Position" library="Selenium2Library">
<doc>Returns the vertical position of the element identified by ``locator``.</doc>
<arguments>
<arg>${locator}</arg>
</arguments>
<assign>
<var>${elem_vert_pos}</var>
</assign>
<msg timestamp="20200427 16:49:45.120" level="INFO">${elem_vert_pos} = 1404</msg>
<status status="PASS" starttime="20200427 16:49:45.106" endtime="20200427 16:49:45.120"></status>
</kw>
<kw name="Get Horizontal Position" library="Selenium2Library">
<doc>Returns the horizontal position of the element identified by ``locator``.</doc>
<arguments>
<arg>${locator}</arg>
</arguments>
<assign>
<var>${elem_gor_pos}</var>
</assign>
<msg timestamp="20200427 16:49:45.136" level="INFO">${elem_gor_pos} = 785</msg>
<status status="PASS" starttime="20200427 16:49:45.120" endtime="20200427 16:49:45.136"></status>
</kw>
<kw name="Execute Javascript" library="Selenium2Library">
<doc>Executes the given JavaScript code with possible arguments.</doc>
<arguments>
<arg>window.scrollTo(0,${elem_vert_pos - 300});</arg>
</arguments>
<msg timestamp="20200427 16:49:45.137" level="INFO">Executing JavaScript:
window.scrollTo(0,1104);
Without any arguments.</msg>
<status status="PASS" starttime="20200427 16:49:45.137" endtime="20200427 16:49:45.143"></status>
</kw>
<status status="PASS" starttime="20200427 16:49:45.078" endtime="20200427 16:49:45.143"></status>
</kw>
<kw name="Wait and Click">
<arguments>
<arg>xpath=(//a[@class="mk-btn mk-btn_default"])[${a_index + 1}]</arg>
</arguments>
<kw name="Wait Until Element Is Visible" library="Selenium2Library">
<doc>Waits until the element ``locator`` is visible.</doc>
<arguments>
<arg>${locator}</arg>
</arguments>
<status status="PASS" starttime="20200427 16:49:45.144" endtime="20200427 16:49:45.166"></status>
</kw>
<kw name="Scroll To Element">
<arguments>
<arg>${locator}</arg>
</arguments>
<kw name="Wait Until Page Contains Element" library="Selenium2Library">
<doc>Waits until the element ``locator`` appears on the current page.</doc>
<arguments>
<arg>${locator}</arg>
<arg>10</arg>
</arguments>
<status status="PASS" starttime="20200427 16:49:45.166" endtime="20200427 16:49:45.174"></status>
</kw>
<kw name="Get Vertical Position" library="Selenium2Library">
<doc>Returns the vertical position of the element identified by ``locator``.</doc>
<arguments>
<arg>${locator}</arg>
</arguments>
<assign>
<var>${elem_vert_pos}</var>
</assign>
<msg timestamp="20200427 16:49:45.185" level="INFO">${elem_vert_pos} = 1404</msg>
<status status="PASS" starttime="20200427 16:49:45.174" endtime="20200427 16:49:45.185"></status>
</kw>
<kw name="Get Horizontal Position" library="Selenium2Library">
<doc>Returns the horizontal position of the element identified by ``locator``.</doc>
<arguments>
<arg>${locator}</arg>
</arguments>
<assign>
<var>${elem_gor_pos}</var>
</assign>
<msg timestamp="20200427 16:49:45.200" level="INFO">${elem_gor_pos} = 785</msg>
<status status="PASS" starttime="20200427 16:49:45.186" endtime="20200427 16:49:45.200"></status>
</kw>
<kw name="Execute Javascript" library="Selenium2Library">
<doc>Executes the given JavaScript code with possible arguments.</doc>
<arguments>
<arg>window.scrollTo(0,${elem_vert_pos - 300});</arg>
</arguments>
<msg timestamp="20200427 16:49:45.201" level="INFO">Executing JavaScript:
window.scrollTo(0,1104);
Without any arguments.</msg>
<status status="PASS" starttime="20200427 16:49:45.200" endtime="20200427 16:49:45.205"></status>
</kw>
<status status="PASS" starttime="20200427 16:49:45.166" endtime="20200427 16:49:45.205"></status>
</kw>
<kw name="Click Element" library="Selenium2Library">
<doc>Click the element identified by ``locator``.</doc>
<arguments>
<arg>${locator}</arg>
</arguments>
<msg timestamp="20200427 16:49:45.205" level="INFO">Clicking element 'xpath=(//a[@class="mk-btn mk-btn_default"])[5]'.</msg>
<status status="PASS" starttime="20200427 16:49:45.205" endtime="20200427 16:49:45.612"></status>
</kw>
<status status="PASS" starttime="20200427 16:49:45.143" endtime="20200427 16:49:45.612"></status>
</kw>
<kw name="Wait Until Keyword Succeeds" library="BuiltIn">
<doc>Runs the specified keyword and retries if it fails.</doc>
<arguments>
<arg>10 x</arg>
<arg>1 s</arg>
<arg>Element Should Be Visible</arg>
<arg>xpath=//a[@data-test-id="sidebar.questions"]</arg>
</arguments>
<kw name="Element Should Be Visible" library="Selenium2Library">
<doc>Verifies that the element identified by ``locator`` is visible.</doc>
<arguments>
<arg>xpath=//a[@data-test-id="sidebar.questions"]</arg>
</arguments>
<msg timestamp="20200427 16:49:45.631" level="INFO">Element 'xpath=//a[@data-test-id="sidebar.questions"]' is displayed.</msg>
<status status="PASS" starttime="20200427 16:49:45.613" endtime="20200427 16:49:45.631"></status>
</kw>
<status status="PASS" starttime="20200427 16:49:45.612" endtime="20200427 16:49:45.631"></status>
</kw>
<kw name="Wait Until Keyword Succeeds" library="BuiltIn">
<doc>Runs the specified keyword and retries if it fails.</doc>
<arguments>
<arg>10 x</arg>
<arg>1 s</arg>
<arg>Run Keywords</arg>
<arg>Wait and Click</arg>
<arg>xpath=//a[@data-test-id="sidebar.questions"]</arg>
<arg>AND</arg>
<arg>Wait Until Keyword Succeeds</arg>
<arg>5 x</arg>
<arg>1 s</arg>
<arg>Element Should Be Visible</arg>
<arg>xpath=//a[@data-test-id="sidebar.info"]</arg>
</arguments>
<kw name="Run Keywords" library="BuiltIn">
<doc>Executes all the given keywords in a sequence.</doc>
<arguments>
<arg>Wait and Click</arg>
<arg>xpath=//a[@data-test-id="sidebar.questions"]</arg>
<arg>AND</arg>
<arg>Wait Until Keyword Succeeds</arg>
<arg>5 x</arg>
<arg>1 s</arg>
<arg>Element Should Be Visible</arg>
<arg>xpath=//a[@data-test-id="sidebar.info"]</arg>
</arguments>
<kw name="Wait and Click">
<arguments>
<arg>xpath=//a[@data-test-id="sidebar.questions"]</arg>
</arguments>
<kw name="Wait Until Element Is Visible" library="Selenium2Library">
<doc>Waits until the element ``locator`` is visible.</doc>
<arguments>
<arg>${locator}</arg>
</arguments>
<status status="PASS" starttime="20200427 16:49:45.632" endtime="20200427 16:49:45.647"></status>
</kw>
<kw name="Scroll To Element">
<arguments>
<arg>${locator}</arg>
</arguments>
<kw name="Wait Until Page Contains Element" library="Selenium2Library">
<doc>Waits until the element ``locator`` appears on the current page.</doc>
<arguments>
<arg>${locator}</arg>
<arg>10</arg>
</arguments>
<status status="PASS" starttime="20200427 16:49:45.648" endtime="20200427 16:49:45.654"></status>
</kw>
<kw name="Get Vertical Position" library="Selenium2Library">
<doc>Returns the vertical position of the element identified by ``locator``.</doc>
<arguments>
<arg>${locator}</arg>
</arguments>
<assign>
<var>${elem_vert_pos}</var>
</assign>
<msg timestamp="20200427 16:49:45.669" level="INFO">${elem_vert_pos} = 191</msg>
<status status="PASS" starttime="20200427 16:49:45.654" endtime="20200427 16:49:45.669"></status>
</kw>
<kw name="Get Horizontal Position" library="Selenium2Library">
<doc>Returns the horizontal position of the element identified by ``locator``.</doc>
<arguments>
<arg>${locator}</arg>
</arguments>
<assign>
<var>${elem_gor_pos}</var>
</assign>
<msg timestamp="20200427 16:49:45.682" level="INFO">${elem_gor_pos} = 736</msg>
<status status="PASS" starttime="20200427 16:49:45.670" endtime="20200427 16:49:45.683"></status>
</kw>
<kw name="Execute Javascript" library="Selenium2Library">
<doc>Executes the given JavaScript code with possible arguments.</doc>
<arguments>
<arg>window.scrollTo(0,${elem_vert_pos - 300});</arg>
</arguments>
<msg timestamp="20200427 16:49:45.684" level="INFO">Executing JavaScript:
window.scrollTo(0,-109);
Without any arguments.</msg>
<status status="PASS" starttime="20200427 16:49:45.683" endtime="20200427 16:49:45.687"></status>
</kw>
<status status="PASS" starttime="20200427 16:49:45.647" endtime="20200427 16:49:45.687"></status>
</kw>
<kw name="Click Element" library="Selenium2Library">
<doc>Click the element identified by ``locator``.</doc>
<arguments>
<arg>${locator}</arg>
</arguments>
<msg timestamp="20200427 16:49:45.688" level="INFO">Clicking element 'xpath=//a[@data-test-id="sidebar.questions"]'.</msg>
<status status="PASS" starttime="20200427 16:49:45.688" endtime="20200427 16:49:45.962"></status>
</kw>
<status status="PASS" starttime="20200427 16:49:45.632" endtime="20200427 16:49:45.962"></status>
</kw>
<kw name="Wait Until Keyword Succeeds" library="BuiltIn">
<doc>Runs the specified keyword and retries if it fails.</doc>
<arguments>
<arg>5 x</arg>
<arg>1 s</arg>
<arg>Element Should Be Visible</arg>
<arg>xpath=//a[@data-test-id="sidebar.info"]</arg>
</arguments>
<kw name="Element Should Be Visible" library="Selenium2Library">
<doc>Verifies that the element identified by ``locator`` is visible.</doc>
<arguments>
<arg>xpath=//a[@data-test-id="sidebar.info"]</arg>
</arguments>
<msg timestamp="20200427 16:49:45.980" level="INFO">Element 'xpath=//a[@data-test-id="sidebar.info"]' is displayed.</msg>
<status status="PASS" starttime="20200427 16:49:45.963" endtime="20200427 16:49:45.980"></status>
</kw>
<status status="PASS" starttime="20200427 16:49:45.963" endtime="20200427 16:49:45.980"></status>
</kw>
<status status="PASS" starttime="20200427 16:49:45.632" endtime="20200427 16:49:45.980"></status>
</kw>
<status status="PASS" starttime="20200427 16:49:45.631" endtime="20200427 16:49:45.980"></status>
</kw>
<kw name="Go To" library="Selenium2Library">
<doc>Navigates the current browser window to the provided ``url``.</doc>
<arguments>
<arg>${host}/tenders/index</arg>
</arguments>
<msg timestamp="20200427 16:49:45.980" level="INFO">Opening url 'http://neb.org.ua/tenders/index'</msg>
<status status="PASS" starttime="20200427 16:49:45.980" endtime="20200427 16:49:46.250"></status>
</kw>
<status status="PASS" starttime="20200427 16:49:45.078" endtime="20200427 16:49:46.250"></status>
</kw>
<kw name="${a_index} = 5" type="foritem">
<kw name="Scroll To Element">
<arguments>
<arg>xpath=(//a[@class="mk-btn mk-btn_default"])[${a_index + 1}]</arg>
</arguments>
<kw name="Wait Until Page Contains Element" library="Selenium2Library">
<doc>Waits until the element ``locator`` appears on the current page.</doc>
<arguments>
<arg>${locator}</arg>
<arg>10</arg>
</arguments>
<status status="PASS" starttime="20200427 16:49:46.251" endtime="20200427 16:49:46.267"></status>
</kw>
<kw name="Get Vertical Position" library="Selenium2Library">
<doc>Returns the vertical position of the element identified by ``locator``.</doc>
<arguments>
<arg>${locator}</arg>
</arguments>
<assign>
<var>${elem_vert_pos}</var>
</assign>
<msg timestamp="20200427 16:49:46.282" level="INFO">${elem_vert_pos} = 1663</msg>
<status status="PASS" starttime="20200427 16:49:46.267" endtime="20200427 16:49:46.282"></status>
</kw>
<kw name="Get Horizontal Position" library="Selenium2Library">
<doc>Returns the horizontal position of the element identified by ``locator``.</doc>
<arguments>
<arg>${locator}</arg>
</arguments>
<assign>
<var>${elem_gor_pos}</var>
</assign>
<msg timestamp="20200427 16:49:46.302" level="INFO">${elem_gor_pos} = 785</msg>
<status status="PASS" starttime="20200427 16:49:46.283" endtime="20200427 16:49:46.302"></status>
</kw>
<kw name="Execute Javascript" library="Selenium2Library">
<doc>Executes the given JavaScript code with possible arguments.</doc>
<arguments>
<arg>window.scrollTo(0,${elem_vert_pos - 300});</arg>
</arguments>
<msg timestamp="20200427 16:49:46.303" level="INFO">Executing JavaScript:
window.scrollTo(0,1363);
Without any arguments.</msg>
<status status="PASS" starttime="20200427 16:49:46.302" endtime="20200427 16:49:46.309"></status>
</kw>
<status status="PASS" starttime="20200427 16:49:46.251" endtime="20200427 16:49:46.309"></status>
</kw>
<kw name="Wait and Click">
<arguments>
<arg>xpath=(//a[@class="mk-btn mk-btn_default"])[${a_index + 1}]</arg>
</arguments>
<kw name="Wait Until Element Is Visible" library="Selenium2Library">
<doc>Waits until the element ``locator`` is visible.</doc>
<arguments>
<arg>${locator}</arg>
</arguments>
<status status="PASS" starttime="20200427 16:49:46.309" endtime="20200427 16:49:46.333"></status>
</kw>
<kw name="Scroll To Element">
<arguments>
<arg>${locator}</arg>
</arguments>
<kw name="Wait Until Page Contains Element" library="Selenium2Library">
<doc>Waits until the element ``locator`` appears on the current page.</doc>
<arguments>
<arg>${locator}</arg>
<arg>10</arg>
</arguments>
<status status="PASS" starttime="20200427 16:49:46.334" endtime="20200427 16:49:46.341"></status>
</kw>
<kw name="Get Vertical Position" library="Selenium2Library">
<doc>Returns the vertical position of the element identified by ``locator``.</doc>
<arguments>
<arg>${locator}</arg>
</arguments>
<assign>
<var>${elem_vert_pos}</var>
</assign>
<msg timestamp="20200427 16:49:46.352" level="INFO">${elem_vert_pos} = 1663</msg>
<status status="PASS" starttime="20200427 16:49:46.341" endtime="20200427 16:49:46.352"></status>
</kw>
<kw name="Get Horizontal Position" library="Selenium2Library">
<doc>Returns the horizontal position of the element identified by ``locator``.</doc>
<arguments>
<arg>${locator}</arg>
</arguments>
<assign>
<var>${elem_gor_pos}</var>
</assign>
<msg timestamp="20200427 16:49:46.364" level="INFO">${elem_gor_pos} = 785</msg>
<status status="PASS" starttime="20200427 16:49:46.352" endtime="20200427 16:49:46.364"></status>
</kw>
<kw name="Execute Javascript" library="Selenium2Library">
<doc>Executes the given JavaScript code with possible arguments.</doc>
<arguments>
<arg>window.scrollTo(0,${elem_vert_pos - 300});</arg>
</arguments>
<msg timestamp="20200427 16:49:46.365" level="INFO">Executing JavaScript:
window.scrollTo(0,1363);
Without any arguments.</msg>
<status status="PASS" starttime="20200427 16:49:46.364" endtime="20200427 16:49:46.369"></status>
</kw>
<status status="PASS" starttime="20200427 16:49:46.333" endtime="20200427 16:49:46.369"></status>
</kw>
<kw name="Click Element" library="Selenium2Library">
<doc>Click the element identified by ``locator``.</doc>
<arguments>
<arg>${locator}</arg>
</arguments>
<msg timestamp="20200427 16:49:46.369" level="INFO">Clicking element 'xpath=(//a[@class="mk-btn mk-btn_default"])[6]'.</msg>
<status status="PASS" starttime="20200427 16:49:46.369" endtime="20200427 16:49:47.363"></status>
</kw>
<status status="PASS" starttime="20200427 16:49:46.309" endtime="20200427 16:49:47.363"></status>
</kw>
<kw name="Wait Until Keyword Succeeds" library="BuiltIn">
<doc>Runs the specified keyword and retries if it fails.</doc>
<arguments>
<arg>10 x</arg>
<arg>1 s</arg>
<arg>Element Should Be Visible</arg>
<arg>xpath=//a[@data-test-id="sidebar.questions"]</arg>
</arguments>
<kw name="Element Should Be Visible" library="Selenium2Library">
<doc>Verifies that the element identified by ``locator`` is visible.</doc>
<arguments>
<arg>xpath=//a[@data-test-id="sidebar.questions"]</arg>
</arguments>
<msg timestamp="20200427 16:49:47.384" level="INFO">Element 'xpath=//a[@data-test-id="sidebar.questions"]' is displayed.</msg>
<status status="PASS" starttime="20200427 16:49:47.364" endtime="20200427 16:49:47.384"></status>
</kw>
<status status="PASS" starttime="20200427 16:49:47.364" endtime="20200427 16:49:47.384"></status>
</kw>
<kw name="Wait Until Keyword Succeeds" library="BuiltIn">
<doc>Runs the specified keyword and retries if it fails.</doc>
<arguments>
<arg>10 x</arg>
<arg>1 s</arg>
<arg>Run Keywords</arg>
<arg>Wait and Click</arg>
<arg>xpath=//a[@data-test-id="sidebar.questions"]</arg>
<arg>AND</arg>
<arg>Wait Until Keyword Succeeds</arg>
<arg>5 x</arg>
<arg>1 s</arg>
<arg>Element Should Be Visible</arg>
<arg>xpath=//a[@data-test-id="sidebar.info"]</arg>
</arguments>
<kw name="Run Keywords" library="BuiltIn">
<doc>Executes all the given keywords in a sequence.</doc>
<arguments>
<arg>Wait and Click</arg>
<arg>xpath=//a[@data-test-id="sidebar.questions"]</arg>
<arg>AND</arg>
<arg>Wait Until Keyword Succeeds</arg>
<arg>5 x</arg>
<arg>1 s</arg>
<arg>Element Should Be Visible</arg>
<arg>xpath=//a[@data-test-id="sidebar.info"]</arg>
</arguments>
<kw name="Wait and Click">
<arguments>
<arg>xpath=//a[@data-test-id="sidebar.questions"]</arg>
</arguments>
<kw name="Wait Until Element Is Visible" library="Selenium2Library">
<doc>Waits until the element ``locator`` is visible.</doc>
<arguments>
<arg>${locator}</arg>
</arguments>
<status status="PASS" starttime="20200427 16:49:47.385" endtime="20200427 16:49:47.400"></status>
</kw>
<kw name="Scroll To Element">
<arguments>
<arg>${locator}</arg>
</arguments>
<kw name="Wait Until Page Contains Element" library="Selenium2Library">
<doc>Waits until the element ``locator`` appears on the current page.</doc>
<arguments>
<arg>${locator}</arg>
<arg>10</arg>
</arguments>
<status status="PASS" starttime="20200427 16:49:47.401" endtime="20200427 16:49:47.408"></status>
</kw>
<kw name="Get Vertical Position" library="Selenium2Library">
<doc>Returns the vertical position of the element identified by ``locator``.</doc>
<arguments>
<arg>${locator}</arg>
</arguments>
<assign>
<var>${elem_vert_pos}</var>
</assign>
<msg timestamp="20200427 16:49:47.423" level="INFO">${elem_vert_pos} = 191</msg>
<status status="PASS" starttime="20200427 16:49:47.408" endtime="20200427 16:49:47.423"></status>
</kw>
<kw name="Get Horizontal Position" library="Selenium2Library">
<doc>Returns the horizontal position of the element identified by ``locator``.</doc>
<arguments>
<arg>${locator}</arg>
</arguments>
<assign>
<var>${elem_gor_pos}</var>
</assign>
<msg timestamp="20200427 16:49:47.436" level="INFO">${elem_gor_pos} = 736</msg>
<status status="PASS" starttime="20200427 16:49:47.423" endtime="20200427 16:49:47.436"></status>
</kw>
<kw name="Execute Javascript" library="Selenium2Library">
<doc>Executes the given JavaScript code with possible arguments.</doc>
<arguments>
<arg>window.scrollTo(0,${elem_vert_pos - 300});</arg>
</arguments>
<msg timestamp="20200427 16:49:47.437" level="INFO">Executing JavaScript:
window.scrollTo(0,-109);
Without any arguments.</msg>
<status status="PASS" starttime="20200427 16:49:47.436" endtime="20200427 16:49:47.441"></status>
</kw>
<status status="PASS" starttime="20200427 16:49:47.400" endtime="20200427 16:49:47.441"></status>
</kw>
<kw name="Click Element" library="Selenium2Library">
<doc>Click the element identified by ``locator``.</doc>
<arguments>
<arg>${locator}</arg>
</arguments>
<msg timestamp="20200427 16:49:47.441" level="INFO">Clicking element 'xpath=//a[@data-test-id="sidebar.questions"]'.</msg>
<status status="PASS" starttime="20200427 16:49:47.441" endtime="20200427 16:49:47.716"></status>
</kw>
<status status="PASS" starttime="20200427 16:49:47.385" endtime="20200427 16:49:47.716"></status>
</kw>
<kw name="Wait Until Keyword Succeeds" library="BuiltIn">
<doc>Runs the specified keyword and retries if it fails.</doc>
<arguments>
<arg>5 x</arg>
<arg>1 s</arg>
<arg>Element Should Be Visible</arg>
<arg>xpath=//a[@data-test-id="sidebar.info"]</arg>
</arguments>
<kw name="Element Should Be Visible" library="Selenium2Library">
<doc>Verifies that the element identified by ``locator`` is visible.</doc>
<arguments>
<arg>xpath=//a[@data-test-id="sidebar.info"]</arg>
</arguments>
<msg timestamp="20200427 16:49:47.735" level="INFO">Element 'xpath=//a[@data-test-id="sidebar.info"]' is displayed.</msg>
<status status="PASS" starttime="20200427 16:49:47.716" endtime="20200427 16:49:47.735"></status>
</kw>
<status status="PASS" starttime="20200427 16:49:47.716" endtime="20200427 16:49:47.735"></status>
</kw>
<status status="PASS" starttime="20200427 16:49:47.384" endtime="20200427 16:49:47.735"></status>
</kw>
<status status="PASS" starttime="20200427 16:49:47.384" endtime="20200427 16:49:47.735"></status>
</kw>
<kw name="Go To" library="Selenium2Library">
<doc>Navigates the current browser window to the provided ``url``.</doc>
<arguments>
<arg>${host}/tenders/index</arg>
</arguments>
<msg timestamp="20200427 16:49:47.735" level="INFO">Opening url 'http://neb.org.ua/tenders/index'</msg>
<status status="PASS" starttime="20200427 16:49:47.735" endtime="20200427 16:49:47.945"></status>
</kw>
<status status="PASS" starttime="20200427 16:49:46.250" endtime="20200427 16:49:47.945"></status>
</kw>
<kw name="${a_index} = 6" type="foritem">
<kw name="Scroll To Element">
<arguments>
<arg>xpath=(//a[@class="mk-btn mk-btn_default"])[${a_index + 1}]</arg>
</arguments>
<kw name="Wait Until Page Contains Element" library="Selenium2Library">
<doc>Waits until the element ``locator`` appears on the current page.</doc>
<arguments>
<arg>${locator}</arg>
<arg>10</arg>
</arguments>
<status status="PASS" starttime="20200427 16:49:47.946" endtime="20200427 16:49:47.974"></status>
</kw>
<kw name="Get Vertical Position" library="Selenium2Library">
<doc>Returns the vertical position of the element identified by ``locator``.</doc>
<arguments>
<arg>${locator}</arg>
</arguments>
<assign>
<var>${elem_vert_pos}</var>
</assign>
<msg timestamp="20200427 16:49:47.988" level="INFO">${elem_vert_pos} = 1922</msg>
<status status="PASS" starttime="20200427 16:49:47.974" endtime="20200427 16:49:47.988"></status>
</kw>
<kw name="Get Horizontal Position" library="Selenium2Library">
<doc>Returns the horizontal position of the element identified by ``locator``.</doc>
<arguments>
<arg>${locator}</arg>
</arguments>
<assign>
<var>${elem_gor_pos}</var>
</assign>
<msg timestamp="20200427 16:49:48.013" level="INFO">${elem_gor_pos} = 785</msg>
<status status="PASS" starttime="20200427 16:49:47.988" endtime="20200427 16:49:48.013"></status>
</kw>
<kw name="Execute Javascript" library="Selenium2Library">
<doc>Executes the given JavaScript code with possible arguments.</doc>
<arguments>
<arg>window.scrollTo(0,${elem_vert_pos - 300});</arg>
</arguments>
<msg timestamp="20200427 16:49:48.014" level="INFO">Executing JavaScript:
window.scrollTo(0,1622);
Without any arguments.</msg>
<status status="PASS" starttime="20200427 16:49:48.014" endtime="20200427 16:49:48.019"></status>
</kw>
<status status="PASS" starttime="20200427 16:49:47.945" endtime="20200427 16:49:48.019"></status>
</kw>
<kw name="Wait and Click">
<arguments>
<arg>xpath=(//a[@class="mk-btn mk-btn_default"])[${a_index + 1}]</arg>
</arguments>
<kw name="Wait Until Element Is Visible" library="Selenium2Library">
<doc>Waits until the element ``locator`` is visible.</doc>
<arguments>
<arg>${locator}</arg>
</arguments>
<status status="PASS" starttime="20200427 16:49:48.019" endtime="20200427 16:49:48.038"></status>
</kw>
<kw name="Scroll To Element">
<arguments>
<arg>${locator}</arg>
</arguments>
<kw name="Wait Until Page Contains Element" library="Selenium2Library">
<doc>Waits until the element ``locator`` appears on the current page.</doc>
<arguments>
<arg>${locator}</arg>
<arg>10</arg>
</arguments>
<status status="PASS" starttime="20200427 16:49:48.039" endtime="20200427 16:49:48.046"></status>
</kw>
<kw name="Get Vertical Position" library="Selenium2Library">
<doc>Returns the vertical position of the element identified by ``locator``.</doc>
<arguments>
<arg>${locator}</arg>
</arguments>
<assign>
<var>${elem_vert_pos}</var>
</assign>
<msg timestamp="20200427 16:49:48.059" level="INFO">${elem_vert_pos} = 1922</msg>
<status status="PASS" starttime="20200427 16:49:48.046" endtime="20200427 16:49:48.059"></status>
</kw>
<kw name="Get Horizontal Position" library="Selenium2Library">
<doc>Returns the horizontal position of the element identified by ``locator``.</doc>
<arguments>
<arg>${locator}</arg>
</arguments>
<assign>
<var>${elem_gor_pos}</var>
</assign>
<msg timestamp="20200427 16:49:48.070" level="INFO">${elem_gor_pos} = 785</msg>
<status status="PASS" starttime="20200427 16:49:48.059" endtime="20200427 16:49:48.070"></status>
</kw>
<kw name="Execute Javascript" library="Selenium2Library">
<doc>Executes the given JavaScript code with possible arguments.</doc>
<arguments>
<arg>window.scrollTo(0,${elem_vert_pos - 300});</arg>
</arguments>
<msg timestamp="20200427 16:49:48.071" level="INFO">Executing JavaScript:
window.scrollTo(0,1622);
Without any arguments.</msg>
<status status="PASS" starttime="20200427 16:49:48.070" endtime="20200427 16:49:48.075"></status>
</kw>
<status status="PASS" starttime="20200427 16:49:48.039" endtime="20200427 16:49:48.075"></status>
</kw>
<kw name="Click Element" library="Selenium2Library">
<doc>Click the element identified by ``locator``.</doc>
<arguments>
<arg>${locator}</arg>
</arguments>
<msg timestamp="20200427 16:49:48.076" level="INFO">Clicking element 'xpath=(//a[@class="mk-btn mk-btn_default"])[7]'.</msg>
<status status="PASS" starttime="20200427 16:49:48.076" endtime="20200427 16:49:50.016"></status>
</kw>
<status status="PASS" starttime="20200427 16:49:48.019" endtime="20200427 16:49:50.016"></status>
</kw>
<kw name="Wait Until Keyword Succeeds" library="BuiltIn">
<doc>Runs the specified keyword and retries if it fails.</doc>
<arguments>
<arg>10 x</arg>
<arg>1 s</arg>
<arg>Element Should Be Visible</arg>
<arg>xpath=//a[@data-test-id="sidebar.questions"]</arg>
</arguments>
<kw name="Element Should Be Visible" library="Selenium2Library">
<doc>Verifies that the element identified by ``locator`` is visible.</doc>
<arguments>
<arg>xpath=//a[@data-test-id="sidebar.questions"]</arg>
</arguments>
<msg timestamp="20200427 16:49:50.035" level="INFO">Element 'xpath=//a[@data-test-id="sidebar.questions"]' is displayed.</msg>
<status status="PASS" starttime="20200427 16:49:50.017" endtime="20200427 16:49:50.035"></status>
</kw>
<status status="PASS" starttime="20200427 16:49:50.017" endtime="20200427 16:49:50.036"></status>
</kw>
<kw name="Wait Until Keyword Succeeds" library="BuiltIn">
<doc>Runs the specified keyword and retries if it fails.</doc>
<arguments>
<arg>10 x</arg>
<arg>1 s</arg>
<arg>Run Keywords</arg>
<arg>Wait and Click</arg>
[...]
<arguments>
<arg>xpath=//*[@data-test-id="title"]</arg>
</arguments>
<kw name="Capture Page Screenshot" library="Selenium2Library">
<doc>Takes a screenshot of the current page and embeds it into a log file.</doc>
<msg timestamp="20200427 16:52:29.684" level="INFO" html="yes">&lt;/td&gt;&lt;/tr&gt;&lt;tr&gt;&lt;td colspan="3"&gt;&lt;a href="selenium-screenshot-21.png"&gt;&lt;img src="selenium-screenshot-21.png" width="800px"&gt;&lt;/a&gt;</msg>
<status status="PASS" starttime="20200427 16:52:29.400" endtime="20200427 16:52:29.685"></status>
</kw>
<msg timestamp="20200427 16:52:29.685" level="FAIL">Element with locator 'xpath=//*[@data-test-id="title"]' not found.</msg>
<status status="FAIL" starttime="20200427 16:52:29.392" endtime="20200427 16:52:29.685"></status>
</kw>
<kw name="Element Should Be Visible" library="Selenium2Library">
<doc>Verifies that the element identified by ``locator`` is visible.</doc>
<arguments>
<arg>xpath=//*[@data-test-id="title"]</arg>
</arguments>
<kw name="Capture Page Screenshot" library="Selenium2Library">
<doc>Takes a screenshot of the current page and embeds it into a log file.</doc>
<msg timestamp="20200427 16:52:31.001" level="INFO" html="yes">&lt;/td&gt;&lt;/tr&gt;&lt;tr&gt;&lt;td colspan="3"&gt;&lt;a href="selenium-screenshot-22.png"&gt;&lt;img src="selenium-screenshot-22.png" width="800px"&gt;&lt;/a&gt;</msg>
<status status="PASS" starttime="20200427 16:52:30.705" endtime="20200427 16:52:31.001"></status>
</kw>
<msg timestamp="20200427 16:52:31.001" level="FAIL">Element with locator 'xpath=//*[@data-test-id="title"]' not found.</msg>
<status status="FAIL" starttime="20200427 16:52:30.686" endtime="20200427 16:52:31.002"></status>
</kw>
<kw name="Element Should Be Visible" library="Selenium2Library">
<doc>Verifies that the element identified by ``locator`` is visible.</doc>
<arguments>
<arg>xpath=//*[@data-test-id="title"]</arg>
</arguments>
<kw name="Capture Page Screenshot" library="Selenium2Library">
<doc>Takes a screenshot of the current page and embeds it into a log file.</doc>
<msg timestamp="20200427 16:52:32.334" level="INFO" html="yes">&lt;/td&gt;&lt;/tr&gt;&lt;tr&gt;&lt;td colspan="3"&gt;&lt;a href="selenium-screenshot-23.png"&gt;&lt;img src="selenium-screenshot-23.png" width="800px"&gt;&lt;/a&gt;</msg>
<status status="PASS" starttime="20200427 16:52:32.034" endtime="20200427 16:52:32.334"></status>
</kw>
<msg timestamp="20200427 16:52:32.335" level="FAIL">Element with locator 'xpath=//*[@data-test-id="title"]' not found.</msg>
<status status="FAIL" starttime="20200427 16:52:32.003" endtime="20200427 16:52:32.335"></status>
</kw>
<msg timestamp="20200427 16:52:32.335" level="FAIL">Keyword 'Element Should Be Visible' failed after retrying 10 times. The last error was: Element with locator 'xpath=//*[@data-test-id="title"]' not found.</msg>
<status status="FAIL" starttime="20200427 16:52:20.094" endtime="20200427 16:52:32.335"></status>
</kw>
<status status="FAIL" starttime="20200427 16:52:19.677" endtime="20200427 16:52:32.335"></status>
</kw>
<kw name="Run Keywords" library="BuiltIn">
<doc>Executes all the given keywords in a sequence.</doc>
<arguments>
<arg>Wait Until Keyword Succeeds</arg>
<arg>5x</arg>
<arg>1s</arg>
<arg>Page Should Contain Element</arg>
<arg>xpath=//a[@class="mk-btn mk-btn_default"]</arg>
<arg>AND</arg>
<arg>Wait and Click</arg>
<arg>xpath=//a[@class="mk-btn mk-btn_default"]</arg>
<arg>AND</arg>
<arg>Wait Until Keyword Succeeds</arg>
<arg>10 x</arg>
<arg>1 s</arg>
<arg>Element Should Be Visible</arg>
<arg>xpath=//*[@data-test-id="title"]</arg>
</arguments>
<kw name="Wait Until Keyword Succeeds" library="BuiltIn">
<doc>Runs the specified keyword and retries if it fails.</doc>
<arguments>
<arg>5x</arg>
<arg>1s</arg>
<arg>Page Should Contain Element</arg>
<arg>xpath=//a[@class="mk-btn mk-btn_default"]</arg>
</arguments>
<kw name="Page Should Contain Element" library="Selenium2Library">
<doc>Verifies that element ``locator`` is found on the current page.</doc>
<arguments>
<arg>xpath=//a[@class="mk-btn mk-btn_default"]</arg>
</arguments>
<msg timestamp="20200427 16:52:35.360" level="INFO">Current page contains element 'xpath=//a[@class="mk-btn mk-btn_default"]'.</msg>
<status status="PASS" starttime="20200427 16:52:35.339" endtime="20200427 16:52:35.360"></status>
</kw>
<status status="PASS" starttime="20200427 16:52:35.338" endtime="20200427 16:52:35.360"></status>
</kw>
<kw name="Wait and Click">
<arguments>
<arg>xpath=//a[@class="mk-btn mk-btn_default"]</arg>
</arguments>
<kw name="Wait Until Element Is Visible" library="Selenium2Library">
<doc>Waits until the element ``locator`` is visible.</doc>
<arguments>
<arg>${locator}</arg>
</arguments>
<status status="PASS" starttime="20200427 16:52:35.362" endtime="20200427 16:52:35.402"></status>
</kw>
<kw name="Scroll To Element">
<arguments>
<arg>${locator}</arg>
</arguments>
<kw name="Wait Until Page Contains Element" library="Selenium2Library">
<doc>Waits until the element ``locator`` appears on the current page.</doc>
<arguments>
<arg>${locator}</arg>
<arg>10</arg>
</arguments>
<status status="PASS" starttime="20200427 16:52:35.403" endtime="20200427 16:52:35.412"></status>
</kw>
<kw name="Get Vertical Position" library="Selenium2Library">
<doc>Returns the vertical position of the element identified by ``locator``.</doc>
<arguments>
<arg>${locator}</arg>
</arguments>
<assign>
<var>${elem_vert_pos}</var>
</assign>
<msg timestamp="20200427 16:52:35.433" level="INFO">${elem_vert_pos} = 408</msg>
<status status="PASS" starttime="20200427 16:52:35.412" endtime="20200427 16:52:35.433"></status>
</kw>
<kw name="Get Horizontal Position" library="Selenium2Library">
<doc>Returns the horizontal position of the element identified by ``locator``.</doc>
<arguments>
<arg>${locator}</arg>
</arguments>
<assign>
<var>${elem_gor_pos}</var>
</assign>
<msg timestamp="20200427 16:52:35.450" level="INFO">${elem_gor_pos} = 794</msg>
<status status="PASS" starttime="20200427 16:52:35.433" endtime="20200427 16:52:35.451"></status>
</kw>
<kw name="Execute Javascript" library="Selenium2Library">
<doc>Executes the given JavaScript code with possible arguments.</doc>
<arguments>
<arg>window.scrollTo(0,${elem_vert_pos - 300});</arg>
</arguments>
<msg timestamp="20200427 16:52:35.452" level="INFO">Executing JavaScript:
window.scrollTo(0,108);
Without any arguments.</msg>
<status status="PASS" starttime="20200427 16:52:35.451" endtime="20200427 16:52:35.457"></status>
</kw>
<status status="PASS" starttime="20200427 16:52:35.402" endtime="20200427 16:52:35.457"></status>
</kw>
<kw name="Click Element" library="Selenium2Library">
<doc>Click the element identified by ``locator``.</doc>
<arguments>
<arg>${locator}</arg>
</arguments>
<msg timestamp="20200427 16:52:35.458" level="INFO">Clicking element 'xpath=//a[@class="mk-btn mk-btn_default"]'.</msg>
<status status="PASS" starttime="20200427 16:52:35.457" endtime="20200427 16:52:35.816"></status>
</kw>
<status status="PASS" starttime="20200427 16:52:35.361" endtime="20200427 16:52:35.816"></status>
</kw>
<kw name="Wait Until Keyword Succeeds" library="BuiltIn">
<doc>Runs the specified keyword and retries if it fails.</doc>
<arguments>
<arg>10 x</arg>
<arg>1 s</arg>
<arg>Element Should Be Visible</arg>
<arg>xpath=//*[@data-test-id="title"]</arg>
</arguments>
<kw name="Element Should Be Visible" library="Selenium2Library">
<doc>Verifies that the element identified by ``locator`` is visible.</doc>
<arguments>
<arg>xpath=//*[@data-test-id="title"]</arg>
</arguments>
<msg timestamp="20200427 16:52:35.831" level="INFO">Element 'xpath=//*[@data-test-id="title"]' is displayed.</msg>
<status status="PASS" starttime="20200427 16:52:35.816" endtime="20200427 16:52:35.831"></status>
</kw>
<status status="PASS" starttime="20200427 16:52:35.816" endtime="20200427 16:52:35.831"></status>
</kw>
<status status="PASS" starttime="20200427 16:52:35.336" endtime="20200427 16:52:35.831"></status>
</kw>
<status status="PASS" starttime="20200427 16:52:19.677" endtime="20200427 16:52:35.831"></status>
</kw>
<kw name="Wait Until Keyword Succeeds" library="BuiltIn">
<doc>Runs the specified keyword and retries if it fails.</doc>
<arguments>
<arg>5 x</arg>
<arg>1 s</arg>
<arg>Element Should Be Visible</arg>
<arg>xpath=//*[@data-test-id="title"]</arg>
</arguments>
<kw name="Element Should Be Visible" library="Selenium2Library">
<doc>Verifies that the element identified by ``locator`` is visible.</doc>
<arguments>
<arg>xpath=//*[@data-test-id="title"]</arg>
</arguments>
<msg timestamp="20200427 16:52:35.845" level="INFO">Element 'xpath=//*[@data-test-id="title"]' is displayed.</msg>
<status status="PASS" starttime="20200427 16:52:35.832" endtime="20200427 16:52:35.845"></status>
</kw>
<status status="PASS" starttime="20200427 16:52:35.831" endtime="20200427 16:52:35.846"></status>
</kw>
<status status="PASS" starttime="20200427 16:52:19.130" endtime="20200427 16:52:35.846"></status>
</kw>
<kw name="Test lots search">
<kw name="Go To" library="Selenium2Library">
<doc>Navigates the current browser window to the provided ``url``.</doc>
<arguments>
<arg>${host}/lots/index</arg>
</arguments>
<msg timestamp="20200427 16:52:35.847" level="INFO">Opening url 'http://neb.org.ua/lots/index'</msg>
<status status="PASS" starttime="20200427 16:52:35.847" endtime="20200427 16:52:36.067"></status>
</kw>
<kw name="Get Text" library="Selenium2Library">
<doc>Returns the text value of the element identified by ``locator``.</doc>
<arguments>
<arg>xpath=(//*[@class="search-result_article"])[1]</arg>
</arguments>
<assign>
<var>${lot_id}</var>
</assign>
<msg timestamp="20200427 16:52:36.091" level="INFO">${lot_id} = Нежитлове приміщення</msg>
<status status="PASS" starttime="20200427 16:52:36.067" endtime="20200427 16:52:36.091"></status>
</kw>
<kw name="Input Text" library="Selenium2Library">
<doc>Types the given ``text`` into the text field identified by ``locator``.</doc>
<arguments>
<arg>xpath=//*[@id="lotssearch-lot_cbd_id"]</arg>
<arg>${lot_id}</arg>
</arguments>
<msg timestamp="20200427 16:52:36.091" level="INFO">Typing text 'Нежитлове приміщення' into text field 'xpath=//*[@id="lotssearch-lot_cbd_id"]'.</msg>
<status status="PASS" starttime="20200427 16:52:36.091" endtime="20200427 16:52:36.227"></status>
</kw>
<kw name="Click Element" library="Selenium2Library">
<doc>Click the element identified by ``locator``.</doc>
<arguments>
<arg>xpath=//*[@data-test-id="search"]</arg>
</arguments>
<msg timestamp="20200427 16:52:36.227" level="INFO">Clicking element 'xpath=//*[@data-test-id="search"]'.</msg>
<status status="PASS" starttime="20200427 16:52:36.227" endtime="20200427 16:52:36.307"></status>
</kw>
<kw name="Wait and Click">
<arguments>
<arg>xpath=//a[@class="mk-btn mk-btn_default"]</arg>
</arguments>
<kw name="Wait Until Element Is Visible" library="Selenium2Library">
<doc>Waits until the element ``locator`` is visible.</doc>
<arguments>
<arg>${locator}</arg>
</arguments>
<status status="PASS" starttime="20200427 16:52:36.307" endtime="20200427 16:52:36.328"></status>
</kw>
<kw name="Scroll To Element">
<arguments>
<arg>${locator}</arg>
</arguments>
<kw name="Wait Until Page Contains Element" library="Selenium2Library">
<doc>Waits until the element ``locator`` appears on the current page.</doc>
<arguments>
<arg>${locator}</arg>
<arg>10</arg>
</arguments>
<status status="PASS" starttime="20200427 16:52:36.329" endtime="20200427 16:52:36.359"></status>
</kw>
<kw name="Get Vertical Position" library="Selenium2Library">
<doc>Returns the vertical position of the element identified by ``locator``.</doc>
<arguments>
<arg>${locator}</arg>
</arguments>
<assign>
<var>${elem_vert_pos}</var>
</assign>
<msg timestamp="20200427 16:52:36.372" level="INFO">${elem_vert_pos} = 449</msg>
<status status="PASS" starttime="20200427 16:52:36.359" endtime="20200427 16:52:36.372"></status>
</kw>
<kw name="Get Horizontal Position" library="Selenium2Library">
<doc>Returns the horizontal position of the element identified by ``locator``.</doc>
<arguments>
<arg>${locator}</arg>
</arguments>
<assign>
<var>${elem_gor_pos}</var>
</assign>
<msg timestamp="20200427 16:52:36.384" level="INFO">${elem_gor_pos} = 785</msg>
<status status="PASS" starttime="20200427 16:52:36.373" endtime="20200427 16:52:36.384"></status>
</kw>
<kw name="Execute Javascript" library="Selenium2Library">
<doc>Executes the given JavaScript code with possible arguments.</doc>
<arguments>
<arg>window.scrollTo(0,${elem_vert_pos - 300});</arg>
</arguments>
<msg timestamp="20200427 16:52:36.385" level="INFO">Executing JavaScript:
window.scrollTo(0,149);
Without any arguments.</msg>
<status status="PASS" starttime="20200427 16:52:36.384" endtime="20200427 16:52:36.389"></status>
</kw>
<status status="PASS" starttime="20200427 16:52:36.328" endtime="20200427 16:52:36.389"></status>
</kw>
<kw name="Click Element" library="Selenium2Library">
<doc>Click the element identified by ``locator``.</doc>
<arguments>
<arg>${locator}</arg>
</arguments>
<msg timestamp="20200427 16:52:36.390" level="INFO">Clicking element 'xpath=//a[@class="mk-btn mk-btn_default"]'.</msg>
<status status="PASS" starttime="20200427 16:52:36.390" endtime="20200427 16:52:36.728"></status>
</kw>
<status status="PASS" starttime="20200427 16:52:36.307" endtime="20200427 16:52:36.728"></status>
</kw>
<kw name="Wait Until Keyword Succeeds" library="BuiltIn">
<doc>Runs the specified keyword and retries if it fails.</doc>
<arguments>
<arg>5 x</arg>
<arg>1 s</arg>
<arg>Element Should Be Visible</arg>
<arg>xpath=//*[@data-test-id="title"]</arg>
</arguments>
<kw name="Element Should Be Visible" library="Selenium2Library">
<doc>Verifies that the element identified by ``locator`` is visible.</doc>
<arguments>
<arg>xpath=//*[@data-test-id="title"]</arg>
</arguments>
<kw name="Capture Page Screenshot" library="Selenium2Library">
<doc>Takes a screenshot of the current page and embeds it into a log file.</doc>
<msg timestamp="20200427 16:52:37.042" level="INFO" html="yes">&lt;/td&gt;&lt;/tr&gt;&lt;tr&gt;&lt;td colspan="3"&gt;&lt;a href="selenium-screenshot-24.png"&gt;&lt;img src="selenium-screenshot-24.png" width="800px"&gt;&lt;/a&gt;</msg>
<status status="PASS" starttime="20200427 16:52:36.737" endtime="20200427 16:52:37.042"></status>
</kw>
<msg timestamp="20200427 16:52:37.043" level="FAIL">Element with locator 'xpath=//*[@data-test-id="title"]' not found.</msg>
<status status="FAIL" starttime="20200427 16:52:36.728" endtime="20200427 16:52:37.043"></status>
</kw>
<kw name="Element Should Be Visible" library="Selenium2Library">
<doc>Verifies that the element identified by ``locator`` is visible.</doc>
<arguments>
<arg>xpath=//*[@data-test-id="title"]</arg>
</arguments>
<kw name="Capture Page Screenshot" library="Selenium2Library">
<doc>Takes a screenshot of the current page and embeds it into a log file.</doc>
<msg timestamp="20200427 16:52:38.380" level="INFO" html="yes">&lt;/td&gt;&lt;/tr&gt;&lt;tr&gt;&lt;td colspan="3"&gt;&lt;a href="selenium-screenshot-25.png"&gt;&lt;img src="selenium-screenshot-25.png" width="800px"&gt;&lt;/a&gt;</msg>
<status status="PASS" starttime="20200427 16:52:38.087" endtime="20200427 16:52:38.380"></status>
</kw>
<msg timestamp="20200427 16:52:38.381" level="FAIL">Element with locator 'xpath=//*[@data-test-id="title"]' not found.</msg>
<status status="FAIL" starttime="20200427 16:52:38.045" endtime="20200427 16:52:38.381"></status>
</kw>
<kw name="Element Should Be Visible" library="Selenium2Library">
<doc>Verifies that the element identified by ``locator`` is visible.</doc>
<arguments>
<arg>xpath=//*[@data-test-id="title"]</arg>
</arguments>
<kw name="Capture Page Screenshot" library="Selenium2Library">
<doc>Takes a screenshot of the current page and embeds it into a log file.</doc>
<msg timestamp="20200427 16:52:39.668" level="INFO" html="yes">&lt;/td&gt;&lt;/tr&gt;&lt;tr&gt;&lt;td colspan="3"&gt;&lt;a href="selenium-screenshot-26.png"&gt;&lt;img src="selenium-screenshot-26.png" width="800px"&gt;&lt;/a&gt;</msg>
<status status="PASS" starttime="20200427 16:52:39.388" endtime="20200427 16:52:39.668"></status>
</kw>
<msg timestamp="20200427 16:52:39.669" level="FAIL">Element with locator 'xpath=//*[@data-test-id="title"]' not found.</msg>
<status status="FAIL" starttime="20200427 16:52:39.382" endtime="20200427 16:52:39.669"></status>
</kw>
<kw name="Element Should Be Visible" library="Selenium2Library">
<doc>Verifies that the element identified by ``locator`` is visible.</doc>
<arguments>
<arg>xpath=//*[@data-test-id="title"]</arg>
</arguments>
<kw name="Capture Page Screenshot" library="Selenium2Library">
<doc>Takes a screenshot of the current page and embeds it into a log file.</doc>
<msg timestamp="20200427 16:52:40.969" level="INFO" html="yes">&lt;/td&gt;&lt;/tr&gt;&lt;tr&gt;&lt;td colspan="3"&gt;&lt;a href="selenium-screenshot-27.png"&gt;&lt;img src="selenium-screenshot-27.png" width="800px"&gt;&lt;/a&gt;</msg>
<status status="PASS" starttime="20200427 16:52:40.680" endtime="20200427 16:52:40.969"></status>
</kw>
<msg timestamp="20200427 16:52:40.970" level="FAIL">Element with locator 'xpath=//*[@data-test-id="title"]' not found.</msg>
<status status="FAIL" starttime="20200427 16:52:40.670" endtime="20200427 16:52:40.970"></status>
</kw>
<kw name="Element Should Be Visible" library="Selenium2Library">
<doc>Verifies that the element identified by ``locator`` is visible.</doc>
<arguments>
<arg>xpath=//*[@data-test-id="title"]</arg>
</arguments>
<kw name="Capture Page Screenshot" library="Selenium2Library">
<doc>Takes a screenshot of the current page and embeds it into a log file.</doc>
<msg timestamp="20200427 16:52:42.304" level="INFO" html="yes">&lt;/td&gt;&lt;/tr&gt;&lt;tr&gt;&lt;td colspan="3"&gt;&lt;a href="selenium-screenshot-28.png"&gt;&lt;img src="selenium-screenshot-28.png" width="800px"&gt;&lt;/a&gt;</msg>
<status status="PASS" starttime="20200427 16:52:41.982" endtime="20200427 16:52:42.304"></status>
</kw>
<msg timestamp="20200427 16:52:42.305" level="FAIL">Element with locator 'xpath=//*[@data-test-id="title"]' not found.</msg>
<status status="FAIL" starttime="20200427 16:52:41.971" endtime="20200427 16:52:42.305"></status>
</kw>
<msg timestamp="20200427 16:52:42.305" level="FAIL">Keyword 'Element Should Be Visible' failed after retrying 5 times. The last error was: Element with locator 'xpath=//*[@data-test-id="title"]' not found.</msg>
<status status="FAIL" starttime="20200427 16:52:36.728" endtime="20200427 16:52:42.305"></status>
</kw>
<status status="FAIL" starttime="20200427 16:52:35.846" endtime="20200427 16:52:42.305"></status>
</kw>
<status status="FAIL" starttime="20200427 16:51:17.894" endtime="20200427 16:52:42.306" critical="yes">Keyword 'Element Should Be Visible' failed after retrying 5 times. The last error was: Element with locator 'xpath=//*[@data-test-id="title"]' not found.</status>
</test>
<doc>Suite description</doc>
<status status="FAIL" starttime="20200427 16:49:28.635" endtime="20200427 16:52:42.308"></status>
</suite>
<statistics>
<total>
<stat pass="1" fail="2">Critical Tests</stat>
<stat pass="1" fail="2">All Tests</stat>
</total>
<tag>
</tag>
<suite>
<stat pass="1" fail="2" id="s1" name="Neb Test">Neb Test</stat>
</suite>
</statistics>
<errors>
<msg timestamp="20200427 16:49:28.622" level="WARN">Error in file 'D:\Documentos\Guseshka\Академия\Testing\Удаленная работа uStudio\Robot Framework\robot_tests.view_neb.org.ua\neb_test.robot': Escaping empty cells with '\' before line continuation marker '...' is deprecated. Remove escaping before Robot Framework 3.2.</msg>
<msg timestamp="20200427 16:49:28.623" level="WARN">Error in file 'D:\Documentos\Guseshka\Академия\Testing\Удаленная работа uStudio\Robot Framework\robot_tests.view_neb.org.ua\neb_test.robot': Escaping empty cells with '\' before line continuation marker '...' is deprecated. Remove escaping before Robot Framework 3.2.</msg>
</errors>
</robot>
